<html>
<head>
<title>TestNG:  Test</title>
<link href="../testng.css" rel="stylesheet" type="text/css" />
<link href="../my-testng.css" rel="stylesheet" type="text/css" />

<style type="text/css">
.log { display: none;} 
.stack-trace { display: none;} 
</style>
<script type="text/javascript">
<!--
function flip(e) {
  current = e.style.display;
  if (current == 'block') {
    e.style.display = 'none';
    return 0;
  }
  else {
    e.style.display = 'block';
    return 1;
  }
}

function toggleBox(szDivId, elem, msg1, msg2)
{
  var res = -1;  if (document.getElementById) {
    res = flip(document.getElementById(szDivId));
  }
  else if (document.all) {
    // this is the way old msie versions work
    res = flip(document.all[szDivId]);
  }
  if(elem) {
    if(res == 0) elem.innerHTML = msg1; else elem.innerHTML = msg2;
  }

}

function toggleAllBoxes() {
  if (document.getElementsByTagName) {
    d = document.getElementsByTagName('div');
    for (i = 0; i < d.length; i++) {
      if (d[i].className == 'log') {
        flip(d[i]);
      }
    }
  }
}

// -->
</script>

</head>
<body>
<h2 align='center'>Test</h2><table border='1' align="center">
<tr>
<td>Tests passed/Failed/Skipped:</td><td>17/5/0</td>
</tr><tr>
<td>Started on:</td><td>Wed Jun 23 00:48:16 IST 2021</td>
</tr>
<tr><td>Total time:</td><td>231 seconds (231627 ms)</td>
</tr><tr>
<td>Included groups:</td><td></td>
</tr><tr>
<td>Excluded groups:</td><td></td>
</tr>
</table><p/>
<small><i>(Hover the method name to see the test class name)</i></small><p/>
<table width='100%' border='1' class='invocation-failed'>
<tr><td colspan='4' align='center'><b>FAILED TESTS</b></td></tr>
<tr><td><b>Test method</b></td>
<td width="30%"><b>Exception</b></td>
<td width="10%"><b>Time (seconds)</b></td>
<td><b>Instance</b></td>
</tr>
<tr>
<td title='com.assigment.tests.HomePageTest.verifyAutoSuggestionAndRelatedProductsTest_TC_009()'><b>verifyAutoSuggestionAndRelatedProductsTest_TC_009</b><br>Test class: com.assigment.tests.HomePageTest<br>Test method: Verify whether the auto suggestion is displayed and suggests only related products as per the keyword entered<br>Parameters: {productElement=, attributeValue=, index=, replacingValue=, testname=verifyAutoSuggestionAndRelatedProductsTest_TC_009, execute=yes, propertyName=, searchPageField=, sortByOption=, browser=chrome, keyword=Cas, productType=}</td>
<td><div><pre>java.lang.AssertionError: Some of the auto suggested products are not related to the given keyword
	at com.assigment.tests.HomePageTest.verifyAutoSuggestionAndRelatedProductsTest_TC_009(HomePageTest.java:124)
	at java.base/java.util.concurrent.FutureTask.run(FutureTask.java:264)
	at java.base/java.util.concurrent.Executors$RunnableAdapter.call(Executors.java:515)
	at java.base/java.util.concurrent.FutureTask.run(FutureTask.java:264)
	at java.base/java.util.concurrent.ThreadPoolExecutor.runWorker(ThreadPoolExecutor.java:1130)
	at java.base/java.util.concurrent.ThreadPoolExecutor$Worker.run(ThreadPoolExecutor.java:630)
	at java.base/java.lang.Thread.run(Thread.java:832)
... Removed 9 stack frames</pre></div><a href='#' onClick='toggleBox("stack-trace795535422", this, "Click to show all stack frames", "Click to hide stack frames")'>Click to show all stack frames</a>
<div class='stack-trace' id='stack-trace795535422'><pre>java.lang.AssertionError: Some of the auto suggested products are not related to the given keyword
	at com.assigment.tests.HomePageTest.verifyAutoSuggestionAndRelatedProductsTest_TC_009(HomePageTest.java:124)
	at java.base/jdk.internal.reflect.NativeMethodAccessorImpl.invoke0(Native Method)
	at java.base/jdk.internal.reflect.NativeMethodAccessorImpl.invoke(NativeMethodAccessorImpl.java:62)
	at java.base/jdk.internal.reflect.DelegatingMethodAccessorImpl.invoke(DelegatingMethodAccessorImpl.java:43)
	at java.base/java.lang.reflect.Method.invoke(Method.java:564)
	at org.testng.internal.MethodInvocationHelper.invokeMethod(MethodInvocationHelper.java:124)
	at org.testng.internal.Invoker.invokeMethod(Invoker.java:583)
	at org.testng.internal.Invoker.invokeTestMethod(Invoker.java:719)
	at org.testng.internal.TestMethodWithDataProviderMethodWorker.call(TestMethodWithDataProviderMethodWorker.java:71)
	at org.testng.internal.TestMethodWithDataProviderMethodWorker.call(TestMethodWithDataProviderMethodWorker.java:14)
	at java.base/java.util.concurrent.FutureTask.run(FutureTask.java:264)
	at java.base/java.util.concurrent.Executors$RunnableAdapter.call(Executors.java:515)
	at java.base/java.util.concurrent.FutureTask.run(FutureTask.java:264)
	at java.base/java.util.concurrent.ThreadPoolExecutor.runWorker(ThreadPoolExecutor.java:1130)
	at java.base/java.util.concurrent.ThreadPoolExecutor$Worker.run(ThreadPoolExecutor.java:630)
	at java.base/java.lang.Thread.run(Thread.java:832)
</pre></div></td>
<td>2</td>
<td>com.assigment.tests.HomePageTest@568bf312</td></tr>
<tr>
<td title='com.assigment.tests.SearchPageTest.verifySearchedProductsAreSortedByPriceTest_TC_006()'><b>verifySearchedProductsAreSortedByPriceTest_TC_006</b><br>Test class: com.assigment.tests.SearchPageTest<br>Test method: Verify whether the searched results are sorted as per the selected Price Sort By option<br>Parameters: {productElement=, attributeValue=, index=, replacingValue=price:asc, testname=verifySearchedProductsAreSortedByPriceTest_TC_006, execute=yes, propertyName=, searchPageField=, sortByOption=Lowest price first, browser=chrome, keyword=Dresses, productType=}</td>
<td><div><pre>java.util.UnknownFormatConversionException: Conversion = &apos;%&apos;
	at java.base/java.util.Formatter.checkText(Formatter.java:2732)
	at java.base/java.util.Formatter.parse(Formatter.java:2718)
	at java.base/java.util.Formatter.format(Formatter.java:2655)
	at java.base/java.util.Formatter.format(Formatter.java:2609)
	at java.base/java.lang.String.format(String.java:3302)
	at com.assigment.tests.SearchPageTest.lambda$verifySearchedProductsAreSortedByPriceTest_TC_006$1(SearchPageTest.java:213)
	at org.assertj.core.api.WritableAssertionInfo.overridingErrorMessage(WritableAssertionInfo.java:60)
	at org.assertj.core.internal.Failures.failureIfErrorMessageIsOverridden(Failures.java:148)
	at org.assertj.core.internal.Failures.failure(Failures.java:102)
	at org.assertj.core.internal.Objects.assertEqual(Objects.java:332)
	at org.assertj.core.api.AbstractAssert.isEqualTo(AbstractAssert.java:360)
	at org.assertj.core.api.AbstractIterableAssert.isEqualTo(AbstractIterableAssert.java:3431)
	at org.assertj.core.api.AbstractListAssert.isEqualTo(AbstractListAssert.java:276)
	at org.assertj.core.api.ListAssert.isEqualTo(ListAssert.java:83)
	at com.assigment.tests.SearchPageTest.verifySearchedProductsAreSortedByPriceTest_TC_006(SearchPageTest.java:215)
	at java.base/java.util.concurrent.FutureTask.run(FutureTask.java:264)
	at java.base/java.util.concurrent.Executors$RunnableAdapter.call(Executors.java:515)
	at java.base/java.util.concurrent.FutureTask.run(FutureTask.java:264)
	at java.base/java.util.concurrent.ThreadPoolExecutor.runWorker(ThreadPoolExecutor.java:1130)
	at java.base/java.util.concurrent.ThreadPoolExecutor$Worker.run(ThreadPoolExecutor.java:630)
	at java.base/java.lang.Thread.run(Thread.java:832)
... Removed 9 stack frames</pre></div><a href='#' onClick='toggleBox("stack-trace1434378820", this, "Click to show all stack frames", "Click to hide stack frames")'>Click to show all stack frames</a>
<div class='stack-trace' id='stack-trace1434378820'><pre>java.util.UnknownFormatConversionException: Conversion = &apos;%&apos;
	at java.base/java.util.Formatter.checkText(Formatter.java:2732)
	at java.base/java.util.Formatter.parse(Formatter.java:2718)
	at java.base/java.util.Formatter.format(Formatter.java:2655)
	at java.base/java.util.Formatter.format(Formatter.java:2609)
	at java.base/java.lang.String.format(String.java:3302)
	at com.assigment.tests.SearchPageTest.lambda$verifySearchedProductsAreSortedByPriceTest_TC_006$1(SearchPageTest.java:213)
	at org.assertj.core.api.WritableAssertionInfo.overridingErrorMessage(WritableAssertionInfo.java:60)
	at org.assertj.core.internal.Failures.failureIfErrorMessageIsOverridden(Failures.java:148)
	at org.assertj.core.internal.Failures.failure(Failures.java:102)
	at org.assertj.core.internal.Objects.assertEqual(Objects.java:332)
	at org.assertj.core.api.AbstractAssert.isEqualTo(AbstractAssert.java:360)
	at org.assertj.core.api.AbstractIterableAssert.isEqualTo(AbstractIterableAssert.java:3431)
	at org.assertj.core.api.AbstractListAssert.isEqualTo(AbstractListAssert.java:276)
	at org.assertj.core.api.ListAssert.isEqualTo(ListAssert.java:83)
	at com.assigment.tests.SearchPageTest.verifySearchedProductsAreSortedByPriceTest_TC_006(SearchPageTest.java:215)
	at java.base/jdk.internal.reflect.NativeMethodAccessorImpl.invoke0(Native Method)
	at java.base/jdk.internal.reflect.NativeMethodAccessorImpl.invoke(NativeMethodAccessorImpl.java:62)
	at java.base/jdk.internal.reflect.DelegatingMethodAccessorImpl.invoke(DelegatingMethodAccessorImpl.java:43)
	at java.base/java.lang.reflect.Method.invoke(Method.java:564)
	at org.testng.internal.MethodInvocationHelper.invokeMethod(MethodInvocationHelper.java:124)
	at org.testng.internal.Invoker.invokeMethod(Invoker.java:583)
	at org.testng.internal.Invoker.invokeTestMethod(Invoker.java:719)
	at org.testng.internal.TestMethodWithDataProviderMethodWorker.call(TestMethodWithDataProviderMethodWorker.java:71)
	at org.testng.internal.TestMethodWithDataProviderMethodWorker.call(TestMethodWithDataProviderMethodWorker.java:14)
	at java.base/java.util.concurrent.FutureTask.run(FutureTask.java:264)
	at java.base/java.util.concurrent.Executors$RunnableAdapter.call(Executors.java:515)
	at java.base/java.util.concurrent.FutureTask.run(FutureTask.java:264)
	at java.base/java.util.concurrent.ThreadPoolExecutor.runWorker(ThreadPoolExecutor.java:1130)
	at java.base/java.util.concurrent.ThreadPoolExecutor$Worker.run(ThreadPoolExecutor.java:630)
	at java.base/java.lang.Thread.run(Thread.java:832)
</pre></div></td>
<td>5</td>
<td>com.assigment.tests.SearchPageTest@ca263c2</td></tr>
<tr>
<td title='com.assigment.tests.SearchPageTest.verifySearchedProductsAreSortedByPriceTest_TC_006()'><b>verifySearchedProductsAreSortedByPriceTest_TC_006</b><br>Test class: com.assigment.tests.SearchPageTest<br>Test method: Verify whether the searched results are sorted as per the selected Price Sort By option<br>Parameters: {productElement=, attributeValue=, index=, replacingValue=price:desc, testname=verifySearchedProductsAreSortedByPriceTest_TC_006, execute=yes, propertyName=, searchPageField=, sortByOption=Highest price first, browser=chrome, keyword=Dresses, productType=}</td>
<td><div><pre>java.util.UnknownFormatConversionException: Conversion = &apos;%&apos;
	at java.base/java.util.Formatter.checkText(Formatter.java:2732)
	at java.base/java.util.Formatter.parse(Formatter.java:2718)
	at java.base/java.util.Formatter.format(Formatter.java:2655)
	at java.base/java.util.Formatter.format(Formatter.java:2609)
	at java.base/java.lang.String.format(String.java:3302)
	at com.assigment.tests.SearchPageTest.lambda$verifySearchedProductsAreSortedByPriceTest_TC_006$1(SearchPageTest.java:213)
	at org.assertj.core.api.WritableAssertionInfo.overridingErrorMessage(WritableAssertionInfo.java:60)
	at org.assertj.core.internal.Failures.failureIfErrorMessageIsOverridden(Failures.java:148)
	at org.assertj.core.internal.Failures.failure(Failures.java:102)
	at org.assertj.core.internal.Objects.assertEqual(Objects.java:332)
	at org.assertj.core.api.AbstractAssert.isEqualTo(AbstractAssert.java:360)
	at org.assertj.core.api.AbstractIterableAssert.isEqualTo(AbstractIterableAssert.java:3431)
	at org.assertj.core.api.AbstractListAssert.isEqualTo(AbstractListAssert.java:276)
	at org.assertj.core.api.ListAssert.isEqualTo(ListAssert.java:83)
	at com.assigment.tests.SearchPageTest.verifySearchedProductsAreSortedByPriceTest_TC_006(SearchPageTest.java:215)
	at java.base/java.util.concurrent.FutureTask.run(FutureTask.java:264)
	at java.base/java.util.concurrent.Executors$RunnableAdapter.call(Executors.java:515)
	at java.base/java.util.concurrent.FutureTask.run(FutureTask.java:264)
	at java.base/java.util.concurrent.ThreadPoolExecutor.runWorker(ThreadPoolExecutor.java:1130)
	at java.base/java.util.concurrent.ThreadPoolExecutor$Worker.run(ThreadPoolExecutor.java:630)
	at java.base/java.lang.Thread.run(Thread.java:832)
... Removed 9 stack frames</pre></div><a href='#' onClick='toggleBox("stack-trace785823717", this, "Click to show all stack frames", "Click to hide stack frames")'>Click to show all stack frames</a>
<div class='stack-trace' id='stack-trace785823717'><pre>java.util.UnknownFormatConversionException: Conversion = &apos;%&apos;
	at java.base/java.util.Formatter.checkText(Formatter.java:2732)
	at java.base/java.util.Formatter.parse(Formatter.java:2718)
	at java.base/java.util.Formatter.format(Formatter.java:2655)
	at java.base/java.util.Formatter.format(Formatter.java:2609)
	at java.base/java.lang.String.format(String.java:3302)
	at com.assigment.tests.SearchPageTest.lambda$verifySearchedProductsAreSortedByPriceTest_TC_006$1(SearchPageTest.java:213)
	at org.assertj.core.api.WritableAssertionInfo.overridingErrorMessage(WritableAssertionInfo.java:60)
	at org.assertj.core.internal.Failures.failureIfErrorMessageIsOverridden(Failures.java:148)
	at org.assertj.core.internal.Failures.failure(Failures.java:102)
	at org.assertj.core.internal.Objects.assertEqual(Objects.java:332)
	at org.assertj.core.api.AbstractAssert.isEqualTo(AbstractAssert.java:360)
	at org.assertj.core.api.AbstractIterableAssert.isEqualTo(AbstractIterableAssert.java:3431)
	at org.assertj.core.api.AbstractListAssert.isEqualTo(AbstractListAssert.java:276)
	at org.assertj.core.api.ListAssert.isEqualTo(ListAssert.java:83)
	at com.assigment.tests.SearchPageTest.verifySearchedProductsAreSortedByPriceTest_TC_006(SearchPageTest.java:215)
	at java.base/jdk.internal.reflect.NativeMethodAccessorImpl.invoke0(Native Method)
	at java.base/jdk.internal.reflect.NativeMethodAccessorImpl.invoke(NativeMethodAccessorImpl.java:62)
	at java.base/jdk.internal.reflect.DelegatingMethodAccessorImpl.invoke(DelegatingMethodAccessorImpl.java:43)
	at java.base/java.lang.reflect.Method.invoke(Method.java:564)
	at org.testng.internal.MethodInvocationHelper.invokeMethod(MethodInvocationHelper.java:124)
	at org.testng.internal.Invoker.invokeMethod(Invoker.java:583)
	at org.testng.internal.Invoker.invokeTestMethod(Invoker.java:719)
	at org.testng.internal.TestMethodWithDataProviderMethodWorker.call(TestMethodWithDataProviderMethodWorker.java:71)
	at org.testng.internal.TestMethodWithDataProviderMethodWorker.call(TestMethodWithDataProviderMethodWorker.java:14)
	at java.base/java.util.concurrent.FutureTask.run(FutureTask.java:264)
	at java.base/java.util.concurrent.Executors$RunnableAdapter.call(Executors.java:515)
	at java.base/java.util.concurrent.FutureTask.run(FutureTask.java:264)
	at java.base/java.util.concurrent.ThreadPoolExecutor.runWorker(ThreadPoolExecutor.java:1130)
	at java.base/java.util.concurrent.ThreadPoolExecutor$Worker.run(ThreadPoolExecutor.java:630)
	at java.base/java.lang.Thread.run(Thread.java:832)
</pre></div></td>
<td>8</td>
<td>com.assigment.tests.SearchPageTest@ca263c2</td></tr>
<tr>
<td title='com.assigment.tests.DressPageTest.verifySearchedProductsWithProductTypeTest_TC_002()'><b>verifySearchedProductsWithProductTypeTest_TC_002</b><br>Test class: com.assigment.tests.DressPageTest<br>Test method: Verify whether the searched products are related to the given category, sub-category, or sub-category type<br>Parameters: {productElement=, attributeValue=, index=2, replacingValue=, testname=verifySearchedProductsWithProductTypeTest_TC_002, execute=yes, propertyName=, searchPageField=, sortByOption=, browser=chrome, keyword=Dresses, productType=product sub-category}</td>
<td><div><pre>java.lang.AssertionError: All the expected searched products were supposed to be related to the searched product type only but were not
	at com.assigment.tests.DressPageTest.verifySearchedProductsWithProductTypeTest_TC_002(DressPageTest.java:65)
	at java.base/java.util.concurrent.FutureTask.run(FutureTask.java:264)
	at java.base/java.util.concurrent.Executors$RunnableAdapter.call(Executors.java:515)
	at java.base/java.util.concurrent.FutureTask.run(FutureTask.java:264)
	at java.base/java.util.concurrent.ThreadPoolExecutor.runWorker(ThreadPoolExecutor.java:1130)
	at java.base/java.util.concurrent.ThreadPoolExecutor$Worker.run(ThreadPoolExecutor.java:630)
	at java.base/java.lang.Thread.run(Thread.java:832)
... Removed 9 stack frames</pre></div><a href='#' onClick='toggleBox("stack-trace2105862003", this, "Click to show all stack frames", "Click to hide stack frames")'>Click to show all stack frames</a>
<div class='stack-trace' id='stack-trace2105862003'><pre>java.lang.AssertionError: All the expected searched products were supposed to be related to the searched product type only but were not
	at com.assigment.tests.DressPageTest.verifySearchedProductsWithProductTypeTest_TC_002(DressPageTest.java:65)
	at java.base/jdk.internal.reflect.NativeMethodAccessorImpl.invoke0(Native Method)
	at java.base/jdk.internal.reflect.NativeMethodAccessorImpl.invoke(NativeMethodAccessorImpl.java:62)
	at java.base/jdk.internal.reflect.DelegatingMethodAccessorImpl.invoke(DelegatingMethodAccessorImpl.java:43)
	at java.base/java.lang.reflect.Method.invoke(Method.java:564)
	at org.testng.internal.MethodInvocationHelper.invokeMethod(MethodInvocationHelper.java:124)
	at org.testng.internal.Invoker.invokeMethod(Invoker.java:583)
	at org.testng.internal.Invoker.invokeTestMethod(Invoker.java:719)
	at org.testng.internal.TestMethodWithDataProviderMethodWorker.call(TestMethodWithDataProviderMethodWorker.java:71)
	at org.testng.internal.TestMethodWithDataProviderMethodWorker.call(TestMethodWithDataProviderMethodWorker.java:14)
	at java.base/java.util.concurrent.FutureTask.run(FutureTask.java:264)
	at java.base/java.util.concurrent.Executors$RunnableAdapter.call(Executors.java:515)
	at java.base/java.util.concurrent.FutureTask.run(FutureTask.java:264)
	at java.base/java.util.concurrent.ThreadPoolExecutor.runWorker(ThreadPoolExecutor.java:1130)
	at java.base/java.util.concurrent.ThreadPoolExecutor$Worker.run(ThreadPoolExecutor.java:630)
	at java.base/java.lang.Thread.run(Thread.java:832)
</pre></div></td>
<td>19</td>
<td>com.assigment.tests.DressPageTest@29f69090</td></tr>
<tr>
<td title='com.assigment.tests.DressPageTest.verifySearchedProductsWithProductTypeTest_TC_002()'><b>verifySearchedProductsWithProductTypeTest_TC_002</b><br>Test class: com.assigment.tests.DressPageTest<br>Test method: Verify whether the searched products are related to the given category, sub-category, or sub-category type<br>Parameters: {productElement=, attributeValue=, index=1, replacingValue=, testname=verifySearchedProductsWithProductTypeTest_TC_002, execute=yes, propertyName=, searchPageField=, sortByOption=, browser=chrome, keyword=Women, productType=product category}</td>
<td><div><pre>org.openqa.selenium.TimeoutException: Expected condition failed: waiting for visibility of all elements located by By.xpath: //*[@class=&apos;right-block&apos;]//a[@class=&apos;product-name&apos;] (tried for 20 second(s) with 500 milliseconds interval)
Build info: version: &apos;3.141.59&apos;, revision: &apos;e82be7d358&apos;, time: &apos;2018-11-14T08:17:03&apos;
System info: host: &apos;K10185&apos;, ip: &apos;192.168.1.106&apos;, os.name: &apos;Windows 10&apos;, os.arch: &apos;amd64&apos;, os.version: &apos;10.0&apos;, java.version: &apos;14.0.2&apos;
Driver info: org.openqa.selenium.chrome.ChromeDriver
Capabilities {acceptInsecureCerts: false, browserName: chrome, browserVersion: 91.0.4472.101, chrome: {chromedriverVersion: 91.0.4472.101 (af52a90bf870..., userDataDir: C:\Users\asus\AppData\Local...}, goog:chromeOptions: {debuggerAddress: localhost:51290}, javascriptEnabled: true, networkConnectionEnabled: false, pageLoadStrategy: normal, platform: WINDOWS, platformName: WINDOWS, proxy: Proxy(), setWindowRect: true, strictFileInteractability: false, timeouts: {implicit: 0, pageLoad: 300000, script: 30000}, unhandledPromptBehavior: dismiss and notify, webauthn:extension:largeBlob: true, webauthn:virtualAuthenticators: true}
Session ID: 31696a1dd35f572adbc9235fed648390
	at org.openqa.selenium.support.ui.WebDriverWait.timeoutException(WebDriverWait.java:95)
	at org.openqa.selenium.support.ui.FluentWait.until(FluentWait.java:272)
	at com.assignment.factories.ExplicitWaitFactory.executeExplicitWaitForElements(ExplicitWaitFactory.java:68)
	at com.assignment.pages.BasePage.getTextOfAllElements(BasePage.java:245)
	at com.assignment.pages.SearchPage.getSearchedProductsByName(SearchPage.java:83)
	at com.assigment.tests.DressPageTest.verifySearchedProductsWithProductTypeTest_TC_002(DressPageTest.java:61)
	at java.base/java.util.concurrent.FutureTask.run(FutureTask.java:264)
	at java.base/java.util.concurrent.Executors$RunnableAdapter.call(Executors.java:515)
	at java.base/java.util.concurrent.FutureTask.run(FutureTask.java:264)
	at java.base/java.util.concurrent.ThreadPoolExecutor.runWorker(ThreadPoolExecutor.java:1130)
	at java.base/java.util.concurrent.ThreadPoolExecutor$Worker.run(ThreadPoolExecutor.java:630)
	at java.base/java.lang.Thread.run(Thread.java:832)
... Removed 9 stack frames</pre></div><a href='#' onClick='toggleBox("stack-trace1382199463", this, "Click to show all stack frames", "Click to hide stack frames")'>Click to show all stack frames</a>
<div class='stack-trace' id='stack-trace1382199463'><pre>org.openqa.selenium.TimeoutException: Expected condition failed: waiting for visibility of all elements located by By.xpath: //*[@class=&apos;right-block&apos;]//a[@class=&apos;product-name&apos;] (tried for 20 second(s) with 500 milliseconds interval)
Build info: version: &apos;3.141.59&apos;, revision: &apos;e82be7d358&apos;, time: &apos;2018-11-14T08:17:03&apos;
System info: host: &apos;K10185&apos;, ip: &apos;192.168.1.106&apos;, os.name: &apos;Windows 10&apos;, os.arch: &apos;amd64&apos;, os.version: &apos;10.0&apos;, java.version: &apos;14.0.2&apos;
Driver info: org.openqa.selenium.chrome.ChromeDriver
Capabilities {acceptInsecureCerts: false, browserName: chrome, browserVersion: 91.0.4472.101, chrome: {chromedriverVersion: 91.0.4472.101 (af52a90bf870..., userDataDir: C:\Users\asus\AppData\Local...}, goog:chromeOptions: {debuggerAddress: localhost:51290}, javascriptEnabled: true, networkConnectionEnabled: false, pageLoadStrategy: normal, platform: WINDOWS, platformName: WINDOWS, proxy: Proxy(), setWindowRect: true, strictFileInteractability: false, timeouts: {implicit: 0, pageLoad: 300000, script: 30000}, unhandledPromptBehavior: dismiss and notify, webauthn:extension:largeBlob: true, webauthn:virtualAuthenticators: true}
Session ID: 31696a1dd35f572adbc9235fed648390
	at org.openqa.selenium.support.ui.WebDriverWait.timeoutException(WebDriverWait.java:95)
	at org.openqa.selenium.support.ui.FluentWait.until(FluentWait.java:272)
	at com.assignment.factories.ExplicitWaitFactory.executeExplicitWaitForElements(ExplicitWaitFactory.java:68)
	at com.assignment.pages.BasePage.getTextOfAllElements(BasePage.java:245)
	at com.assignment.pages.SearchPage.getSearchedProductsByName(SearchPage.java:83)
	at com.assigment.tests.DressPageTest.verifySearchedProductsWithProductTypeTest_TC_002(DressPageTest.java:61)
	at java.base/jdk.internal.reflect.NativeMethodAccessorImpl.invoke0(Native Method)
	at java.base/jdk.internal.reflect.NativeMethodAccessorImpl.invoke(NativeMethodAccessorImpl.java:62)
	at java.base/jdk.internal.reflect.DelegatingMethodAccessorImpl.invoke(DelegatingMethodAccessorImpl.java:43)
	at java.base/java.lang.reflect.Method.invoke(Method.java:564)
	at org.testng.internal.MethodInvocationHelper.invokeMethod(MethodInvocationHelper.java:124)
	at org.testng.internal.Invoker.invokeMethod(Invoker.java:583)
	at org.testng.internal.Invoker.invokeTestMethod(Invoker.java:719)
	at org.testng.internal.TestMethodWithDataProviderMethodWorker.call(TestMethodWithDataProviderMethodWorker.java:71)
	at org.testng.internal.TestMethodWithDataProviderMethodWorker.call(TestMethodWithDataProviderMethodWorker.java:14)
	at java.base/java.util.concurrent.FutureTask.run(FutureTask.java:264)
	at java.base/java.util.concurrent.Executors$RunnableAdapter.call(Executors.java:515)
	at java.base/java.util.concurrent.FutureTask.run(FutureTask.java:264)
	at java.base/java.util.concurrent.ThreadPoolExecutor.runWorker(ThreadPoolExecutor.java:1130)
	at java.base/java.util.concurrent.ThreadPoolExecutor$Worker.run(ThreadPoolExecutor.java:630)
	at java.base/java.lang.Thread.run(Thread.java:832)
</pre></div></td>
<td>37</td>
<td>com.assigment.tests.DressPageTest@29f69090</td></tr>
</table><p>
<table width='100%' border='1' class='invocation-passed'>
<tr><td colspan='4' align='center'><b>PASSED TESTS</b></td></tr>
<tr><td><b>Test method</b></td>
<td width="30%"><b>Exception</b></td>
<td width="10%"><b>Time (seconds)</b></td>
<td><b>Instance</b></td>
</tr>
<tr>
<td title='com.assigment.tests.SearchPageTest.verifyPopUpIsShownOnClickingProdContainerBtnTest_TC_004()'><b>verifyPopUpIsShownOnClickingProdContainerBtnTest_TC_004</b><br>Test class: com.assigment.tests.SearchPageTest<br>Test method: Verify whether required pop-up is shown on clicking the buttons within the product container<br>Parameters: {productElement=Quick, attributeValue=, index=, replacingValue=fancybox-item fancybox-close, testname=verifyPopUpIsShownOnClickingProdContainerBtnTest_TC_004, execute=yes, propertyName=, searchPageField=, sortByOption=, browser=chrome, keyword=T-shirts, productType=}</td>
<td></td>
<td>10</td>
<td>com.assigment.tests.SearchPageTest@ca263c2</td></tr>
<tr>
<td title='com.assigment.tests.SearchPageTest.verifyPopUpIsShownOnClickingProdContainerBtnTest_TC_004()'><b>verifyPopUpIsShownOnClickingProdContainerBtnTest_TC_004</b><br>Test class: com.assigment.tests.SearchPageTest<br>Test method: Verify whether required pop-up is shown on clicking the buttons within the product container<br>Parameters: {productElement=Add to Wishlist, attributeValue=, index=, replacingValue=fancybox-inner, testname=verifyPopUpIsShownOnClickingProdContainerBtnTest_TC_004, execute=yes, propertyName=, searchPageField=, sortByOption=, browser=chrome, keyword=T-shirts, productType=}</td>
<td></td>
<td>9</td>
<td>com.assigment.tests.SearchPageTest@ca263c2</td></tr>
<tr>
<td title='com.assigment.tests.SearchPageTest.verifyPopUpIsShownOnClickingProdContainerBtnTest_TC_004()'><b>verifyPopUpIsShownOnClickingProdContainerBtnTest_TC_004</b><br>Test class: com.assigment.tests.SearchPageTest<br>Test method: Verify whether required pop-up is shown on clicking the buttons within the product container<br>Parameters: {productElement=Add to cart, attributeValue=, index=, replacingValue=icon-ok, testname=verifyPopUpIsShownOnClickingProdContainerBtnTest_TC_004, execute=yes, propertyName=, searchPageField=, sortByOption=, browser=chrome, keyword=T-shirts, productType=}</td>
<td></td>
<td>10</td>
<td>com.assigment.tests.SearchPageTest@ca263c2</td></tr>
<tr>
<td title='com.assigment.tests.SearchPageTest.verifyProductDescriptionPageIsDisplayedTest_TC_005()'><b>verifyProductDescriptionPageIsDisplayedTest_TC_005</b><br>Test class: com.assigment.tests.SearchPageTest<br>Test method: Verify whether Product Description Page is displayed on clicking the given product element links<br>Parameters: {productElement=More, attributeValue=, index=, replacingValue=, testname=verifyProductDescriptionPageIsDisplayedTest_TC_005, execute=yes, propertyName=, searchPageField=, sortByOption=, browser=chrome, keyword=T-shirts, productType=}</td>
<td></td>
<td>7</td>
<td>com.assigment.tests.SearchPageTest@ca263c2</td></tr>
<tr>
<td title='com.assigment.tests.SearchPageTest.verifyProductDescriptionPageIsDisplayedTest_TC_005()'><b>verifyProductDescriptionPageIsDisplayedTest_TC_005</b><br>Test class: com.assigment.tests.SearchPageTest<br>Test method: Verify whether Product Description Page is displayed on clicking the given product element links<br>Parameters: {productElement=Colour, attributeValue=, index=, replacingValue=, testname=verifyProductDescriptionPageIsDisplayedTest_TC_005, execute=yes, propertyName=, searchPageField=, sortByOption=, browser=chrome, keyword=T-shirts, productType=}</td>
<td></td>
<td>8</td>
<td>com.assigment.tests.SearchPageTest@ca263c2</td></tr>
<tr>
<td title='com.assigment.tests.SearchPageTest.verifyProductDescriptionPageIsDisplayedTest_TC_005()'><b>verifyProductDescriptionPageIsDisplayedTest_TC_005</b><br>Test class: com.assigment.tests.SearchPageTest<br>Test method: Verify whether Product Description Page is displayed on clicking the given product element links<br>Parameters: {productElement=Image, attributeValue=, index=, replacingValue=, testname=verifyProductDescriptionPageIsDisplayedTest_TC_005, execute=yes, propertyName=, searchPageField=, sortByOption=, browser=chrome, keyword=T-shirts, productType=}</td>
<td></td>
<td>8</td>
<td>com.assigment.tests.SearchPageTest@ca263c2</td></tr>
<tr>
<td title='com.assigment.tests.HomePageTest.verifyProductElementsAreDisplayedTest_TC_003()'><b>verifyProductElementsAreDisplayedTest_TC_003</b><br>Test class: com.assigment.tests.HomePageTest<br>Test method: Verify whether the searched product's image and price are shown in the search results<br>Parameters: {productElement=price, attributeValue=, index=, replacingValue=, testname=verifyProductElementsAreDisplayedTest_TC_003, execute=yes, propertyName=, searchPageField=, sortByOption=, browser=chrome, keyword=Printed Chiffon Dress, productType=}</td>
<td></td>
<td>3</td>
<td>com.assigment.tests.HomePageTest@568bf312</td></tr>
<tr>
<td title='com.assigment.tests.HomePageTest.verifyProductElementsAreDisplayedTest_TC_003()'><b>verifyProductElementsAreDisplayedTest_TC_003</b><br>Test class: com.assigment.tests.HomePageTest<br>Test method: Verify whether the searched product's image and price are shown in the search results<br>Parameters: {productElement=image, attributeValue=, index=, replacingValue=, testname=verifyProductElementsAreDisplayedTest_TC_003, execute=yes, propertyName=, searchPageField=, sortByOption=, browser=chrome, keyword=Printed Chiffon Dress, productType=}</td>
<td></td>
<td>3</td>
<td>com.assigment.tests.HomePageTest@568bf312</td></tr>
<tr>
<td title='com.assigment.tests.SearchPageTest.verifyRequiredSearchPageViewIsSelectedTest_TC_007()'><b>verifyRequiredSearchPageViewIsSelectedTest_TC_007</b><br>Test class: com.assigment.tests.SearchPageTest<br>Test method: Verify whether the search results are displayed in the selected view<br>Parameters: {productElement=, attributeValue=selected, index=, replacingValue=list, testname=verifyRequiredSearchPageViewIsSelectedTest_TC_007, execute=yes, propertyName=class, searchPageField=, sortByOption=, browser=chrome, keyword=Dresses, productType=}</td>
<td></td>
<td>17</td>
<td>com.assigment.tests.SearchPageTest@ca263c2</td></tr>
<tr>
<td title='com.assigment.tests.SearchPageTest.verifyRequiredSearchPageViewIsSelectedTest_TC_007()'><b>verifyRequiredSearchPageViewIsSelectedTest_TC_007</b><br>Test class: com.assigment.tests.SearchPageTest<br>Test method: Verify whether the search results are displayed in the selected view<br>Parameters: {productElement=, attributeValue=selected, index=, replacingValue=grid, testname=verifyRequiredSearchPageViewIsSelectedTest_TC_007, execute=yes, propertyName=class, searchPageField=, sortByOption=, browser=chrome, keyword=Dresses, productType=}</td>
<td></td>
<td>17</td>
<td>com.assigment.tests.SearchPageTest@ca263c2</td></tr>
<tr>
<td title='com.assigment.tests.SearchPageTest.verifySearchPageFieldIsDisplayedTest_TC_008()'><b>verifySearchPageFieldIsDisplayedTest_TC_008</b><br>Test class: com.assigment.tests.SearchPageTest<br>Test method: Verify whether the required fields are shown on the Search Results page<br>Parameters: {productElement=, attributeValue=, index=, replacingValue=left_column, testname=verifySearchPageFieldIsDisplayedTest_TC_008, execute=yes, propertyName=, searchPageField=Other information on the left hand side container, sortByOption=, browser=chrome, keyword=T-shirts, productType=}</td>
<td></td>
<td>3</td>
<td>com.assigment.tests.SearchPageTest@ca263c2</td></tr>
<tr>
<td title='com.assigment.tests.SearchPageTest.verifySearchPageFieldIsDisplayedTest_TC_008()'><b>verifySearchPageFieldIsDisplayedTest_TC_008</b><br>Test class: com.assigment.tests.SearchPageTest<br>Test method: Verify whether the required fields are shown on the Search Results page<br>Parameters: {productElement=, attributeValue=, index=, replacingValue=uniform-selectProductSort, testname=verifySearchPageFieldIsDisplayedTest_TC_008, execute=yes, propertyName=, searchPageField=Sort by drop-down option, sortByOption=, browser=chrome, keyword=T-shirts, productType=}</td>
<td></td>
<td>3</td>
<td>com.assigment.tests.SearchPageTest@ca263c2</td></tr>
<tr>
<td title='com.assigment.tests.SearchPageTest.verifySearchedProductsAreSortedByNameTest_TC_006()'><b>verifySearchedProductsAreSortedByNameTest_TC_006</b><br>Test class: com.assigment.tests.SearchPageTest<br>Test method: Verify whether the searched results are sorted as per the selected Name Sort By option<br>Parameters: {productElement=, attributeValue=, index=, replacingValue=name:desc, testname=verifySearchedProductsAreSortedByNameTest_TC_006, execute=yes, propertyName=, searchPageField=, sortByOption=Product name from Z to A, browser=chrome, keyword=Dresses, productType=}</td>
<td></td>
<td>6</td>
<td>com.assigment.tests.SearchPageTest@ca263c2</td></tr>
<tr>
<td title='com.assigment.tests.SearchPageTest.verifySearchedProductsAreSortedByNameTest_TC_006()'><b>verifySearchedProductsAreSortedByNameTest_TC_006</b><br>Test class: com.assigment.tests.SearchPageTest<br>Test method: Verify whether the searched results are sorted as per the selected Name Sort By option<br>Parameters: {productElement=, attributeValue=, index=, replacingValue=name:asc, testname=verifySearchedProductsAreSortedByNameTest_TC_006, execute=yes, propertyName=, searchPageField=, sortByOption=Product name from A to Z, browser=chrome, keyword=Dresses, productType=}</td>
<td></td>
<td>5</td>
<td>com.assigment.tests.SearchPageTest@ca263c2</td></tr>
<tr>
<td title='com.assigment.tests.HomePageTest.verifySearchedProductsWithProductNameTest_TC_001()'><b>verifySearchedProductsWithProductNameTest_TC_001</b><br>Test class: com.assigment.tests.HomePageTest<br>Test method: Verify whether all the products related to the searched product name are only displayed<br>Parameters: {productElement=, attributeValue=, index=, replacingValue=, testname=verifySearchedProductsWithProductNameTest_TC_001, execute=yes, propertyName=, searchPageField=, sortByOption=, browser=chrome, keyword=Printed Summer Dress, productType=}</td>
<td></td>
<td>2</td>
<td>com.assigment.tests.HomePageTest@568bf312</td></tr>
<tr>
<td title='com.assigment.tests.HomePageTest.verifySearchedProductsWithProductNameTest_TC_001()'><b>verifySearchedProductsWithProductNameTest_TC_001</b><br>Test class: com.assigment.tests.HomePageTest<br>Test method: Verify whether all the products related to the searched product name are only displayed<br>Parameters: {productElement=, attributeValue=, index=, replacingValue=, testname=verifySearchedProductsWithProductNameTest_TC_001, execute=yes, propertyName=, searchPageField=, sortByOption=, browser=chrome, keyword=Printed Chiffon Dress, productType=}</td>
<td></td>
<td>3</td>
<td>com.assigment.tests.HomePageTest@568bf312</td></tr>
<tr>
<td title='com.assigment.tests.DressPageTest.verifySearchedProductsWithProductTypeTest_TC_002()'><b>verifySearchedProductsWithProductTypeTest_TC_002</b><br>Test class: com.assigment.tests.DressPageTest<br>Test method: Verify whether the searched products are related to the given category, sub-category, or sub-category type<br>Parameters: {productElement=, attributeValue=, index=2, replacingValue=, testname=verifySearchedProductsWithProductTypeTest_TC_002, execute=yes, propertyName=, searchPageField=, sortByOption=, browser=chrome, keyword=T-shirts, productType=product sub-category type}</td>
<td></td>
<td>15</td>
<td>com.assigment.tests.DressPageTest@29f69090</td></tr>
</table><p>
</body>
</html>