<?xml version="1.0" encoding="UTF-8"?>
<!-- Generated by org.testng.reporters.JUnitXMLReporter -->
<testsuite ignored="0" hostname="K10185" failures="5" tests="22" name="Test" time="231.627" errors="0" timestamp="22 Jun 2021 19:22:07 GMT">
  <testcase classname="com.assigment.tests.DressPageTest" name="verifySearchedProductsWithProductTypeTest_TC_002" time="15.746"/>
  <testcase classname="com.assigment.tests.DressPageTest" name="verifySearchedProductsWithProductTypeTest_TC_002" time="19.858">
    <failure type="java.lang.AssertionError" message="All the expected searched products were supposed to be related to the searched product type only but were not">
      <![CDATA[java.lang.AssertionError: All the expected searched products were supposed to be related to the searched product type only but were not
at com.assigment.tests.DressPageTest.verifySearchedProductsWithProductTypeTest_TC_002(DressPageTest.java:65)
at java.base/java.util.concurrent.FutureTask.run(FutureTask.java:264)
at java.base/java.util.concurrent.Executors$RunnableAdapter.call(Executors.java:515)
at java.base/java.util.concurrent.FutureTask.run(FutureTask.java:264)
at java.base/java.util.concurrent.ThreadPoolExecutor.runWorker(ThreadPoolExecutor.java:1130)
at java.base/java.util.concurrent.ThreadPoolExecutor$Worker.run(ThreadPoolExecutor.java:630)
at java.base/java.lang.Thread.run(Thread.java:832)
... Removed 9 stack frames]]>
    </failure>
  </testcase> <!-- verifySearchedProductsWithProductTypeTest_TC_002 -->
  <testcase classname="com.assigment.tests.DressPageTest" name="verifySearchedProductsWithProductTypeTest_TC_002" time="37.889">
    <failure type="org.openqa.selenium.TimeoutException" message="Expected condition failed: waiting for visibility of all elements located by By.xpath: //*[@class=&amp;apos;right-block&amp;apos;]//a[@class=&amp;apos;product-name&amp;apos;] (tried for 20 second(s) with 500 milliseconds interval)
Build info: version: &amp;apos;3.141.59&amp;apos;, revision: &amp;apos;e82be7d358&amp;apos;, time: &amp;apos;2018-11-14T08:17:03&amp;apos;
System info: host: &amp;apos;K10185&amp;apos;, ip: &amp;apos;192.168.1.106&amp;apos;, os.name: &amp;apos;Windows 10&amp;apos;, os.arch: &amp;apos;amd64&amp;apos;, os.version: &amp;apos;10.0&amp;apos;, java.version: &amp;apos;14.0.2&amp;apos;
Driver info: org.openqa.selenium.chrome.ChromeDriver
Capabilities {acceptInsecureCerts: false, browserName: chrome, browserVersion: 91.0.4472.101, chrome: {chromedriverVersion: 91.0.4472.101 (af52a90bf870..., userDataDir: C:\Users\asus\AppData\Local...}, goog:chromeOptions: {debuggerAddress: localhost:51290}, javascriptEnabled: true, networkConnectionEnabled: false, pageLoadStrategy: normal, platform: WINDOWS, platformName: WINDOWS, proxy: Proxy(), setWindowRect: true, strictFileInteractability: false, timeouts: {implicit: 0, pageLoad: 300000, script: 30000}, unhandledPromptBehavior: dismiss and notify, webauthn:extension:largeBlob: true, webauthn:virtualAuthenticators: true}
Session ID: 31696a1dd35f572adbc9235fed648390">
      <![CDATA[org.openqa.selenium.TimeoutException: Expected condition failed: waiting for visibility of all elements located by By.xpath: //*[@class='right-block']//a[@class='product-name'] (tried for 20 second(s) with 500 milliseconds interval)
Build info: version: '3.141.59', revision: 'e82be7d358', time: '2018-11-14T08:17:03'
System info: host: 'K10185', ip: '192.168.1.106', os.name: 'Windows 10', os.arch: 'amd64', os.version: '10.0', java.version: '14.0.2'
Driver info: org.openqa.selenium.chrome.ChromeDriver
Capabilities {acceptInsecureCerts: false, browserName: chrome, browserVersion: 91.0.4472.101, chrome: {chromedriverVersion: 91.0.4472.101 (af52a90bf870..., userDataDir: C:\Users\asus\AppData\Local...}, goog:chromeOptions: {debuggerAddress: localhost:51290}, javascriptEnabled: true, networkConnectionEnabled: false, pageLoadStrategy: normal, platform: WINDOWS, platformName: WINDOWS, proxy: Proxy(), setWindowRect: true, strictFileInteractability: false, timeouts: {implicit: 0, pageLoad: 300000, script: 30000}, unhandledPromptBehavior: dismiss and notify, webauthn:extension:largeBlob: true, webauthn:virtualAuthenticators: true}
Session ID: 31696a1dd35f572adbc9235fed648390
at org.openqa.selenium.support.ui.WebDriverWait.timeoutException(WebDriverWait.java:95)
at org.openqa.selenium.support.ui.FluentWait.until(FluentWait.java:272)
at com.assignment.factories.ExplicitWaitFactory.executeExplicitWaitForElements(ExplicitWaitFactory.java:68)
at com.assignment.pages.BasePage.getTextOfAllElements(BasePage.java:245)
at com.assignment.pages.SearchPage.getSearchedProductsByName(SearchPage.java:83)
at com.assigment.tests.DressPageTest.verifySearchedProductsWithProductTypeTest_TC_002(DressPageTest.java:61)
at java.base/java.util.concurrent.FutureTask.run(FutureTask.java:264)
at java.base/java.util.concurrent.Executors$RunnableAdapter.call(Executors.java:515)
at java.base/java.util.concurrent.FutureTask.run(FutureTask.java:264)
at java.base/java.util.concurrent.ThreadPoolExecutor.runWorker(ThreadPoolExecutor.java:1130)
at java.base/java.util.concurrent.ThreadPoolExecutor$Worker.run(ThreadPoolExecutor.java:630)
at java.base/java.lang.Thread.run(Thread.java:832)
... Removed 9 stack frames]]>
    </failure>
  </testcase> <!-- verifySearchedProductsWithProductTypeTest_TC_002 -->
  <testcase classname="com.assigment.tests.HomePageTest" name="verifyAutoSuggestionAndRelatedProductsTest_TC_009" time="2.519">
    <failure type="java.lang.AssertionError" message="Some of the auto suggested products are not related to the given keyword">
      <![CDATA[java.lang.AssertionError: Some of the auto suggested products are not related to the given keyword
at com.assigment.tests.HomePageTest.verifyAutoSuggestionAndRelatedProductsTest_TC_009(HomePageTest.java:124)
at java.base/java.util.concurrent.FutureTask.run(FutureTask.java:264)
at java.base/java.util.concurrent.Executors$RunnableAdapter.call(Executors.java:515)
at java.base/java.util.concurrent.FutureTask.run(FutureTask.java:264)
at java.base/java.util.concurrent.ThreadPoolExecutor.runWorker(ThreadPoolExecutor.java:1130)
at java.base/java.util.concurrent.ThreadPoolExecutor$Worker.run(ThreadPoolExecutor.java:630)
at java.base/java.lang.Thread.run(Thread.java:832)
... Removed 9 stack frames]]>
    </failure>
  </testcase> <!-- verifyAutoSuggestionAndRelatedProductsTest_TC_009 -->
  <testcase classname="com.assigment.tests.HomePageTest" name="verifyProductElementsAreDisplayedTest_TC_003" time="3.65"/>
  <testcase classname="com.assigment.tests.HomePageTest" name="verifyProductElementsAreDisplayedTest_TC_003" time="3.077"/>
  <testcase classname="com.assigment.tests.HomePageTest" name="verifySearchedProductsWithProductNameTest_TC_001" time="2.528"/>
  <testcase classname="com.assigment.tests.HomePageTest" name="verifySearchedProductsWithProductNameTest_TC_001" time="3.649"/>
  <testcase classname="com.assigment.tests.SearchPageTest" name="verifyPopUpIsShownOnClickingProdContainerBtnTest_TC_004" time="10.981"/>
  <testcase classname="com.assigment.tests.SearchPageTest" name="verifyPopUpIsShownOnClickingProdContainerBtnTest_TC_004" time="9.918"/>
  <testcase classname="com.assigment.tests.SearchPageTest" name="verifyPopUpIsShownOnClickingProdContainerBtnTest_TC_004" time="10.287"/>
  <testcase classname="com.assigment.tests.SearchPageTest" name="verifyProductDescriptionPageIsDisplayedTest_TC_005" time="7.447"/>
  <testcase classname="com.assigment.tests.SearchPageTest" name="verifyProductDescriptionPageIsDisplayedTest_TC_005" time="8.286"/>
  <testcase classname="com.assigment.tests.SearchPageTest" name="verifyProductDescriptionPageIsDisplayedTest_TC_005" time="8.525"/>
  <testcase classname="com.assigment.tests.SearchPageTest" name="verifyRequiredSearchPageViewIsSelectedTest_TC_007" time="17.811"/>
  <testcase classname="com.assigment.tests.SearchPageTest" name="verifyRequiredSearchPageViewIsSelectedTest_TC_007" time="17.575"/>
  <testcase classname="com.assigment.tests.SearchPageTest" name="verifySearchPageFieldIsDisplayedTest_TC_008" time="3.036"/>
  <testcase classname="com.assigment.tests.SearchPageTest" name="verifySearchPageFieldIsDisplayedTest_TC_008" time="3.117"/>
  <testcase classname="com.assigment.tests.SearchPageTest" name="verifySearchedProductsAreSortedByNameTest_TC_006" time="6.012"/>
  <testcase classname="com.assigment.tests.SearchPageTest" name="verifySearchedProductsAreSortedByNameTest_TC_006" time="5.828"/>
  <testcase classname="com.assigment.tests.SearchPageTest" name="verifySearchedProductsAreSortedByPriceTest_TC_006" time="5.072">
    <failure type="java.util.UnknownFormatConversionException" message="Conversion = &amp;apos;%&amp;apos;">
      <![CDATA[java.util.UnknownFormatConversionException: Conversion = '%'
at java.base/java.util.Formatter.checkText(Formatter.java:2732)
at java.base/java.util.Formatter.parse(Formatter.java:2718)
at java.base/java.util.Formatter.format(Formatter.java:2655)
at java.base/java.util.Formatter.format(Formatter.java:2609)
at java.base/java.lang.String.format(String.java:3302)
at com.assigment.tests.SearchPageTest.lambda$verifySearchedProductsAreSortedByPriceTest_TC_006$1(SearchPageTest.java:213)
at org.assertj.core.api.WritableAssertionInfo.overridingErrorMessage(WritableAssertionInfo.java:60)
at org.assertj.core.internal.Failures.failureIfErrorMessageIsOverridden(Failures.java:148)
at org.assertj.core.internal.Failures.failure(Failures.java:102)
at org.assertj.core.internal.Objects.assertEqual(Objects.java:332)
at org.assertj.core.api.AbstractAssert.isEqualTo(AbstractAssert.java:360)
at org.assertj.core.api.AbstractIterableAssert.isEqualTo(AbstractIterableAssert.java:3431)
at org.assertj.core.api.AbstractListAssert.isEqualTo(AbstractListAssert.java:276)
at org.assertj.core.api.ListAssert.isEqualTo(ListAssert.java:83)
at com.assigment.tests.SearchPageTest.verifySearchedProductsAreSortedByPriceTest_TC_006(SearchPageTest.java:215)
at java.base/java.util.concurrent.FutureTask.run(FutureTask.java:264)
at java.base/java.util.concurrent.Executors$RunnableAdapter.call(Executors.java:515)
at java.base/java.util.concurrent.FutureTask.run(FutureTask.java:264)
at java.base/java.util.concurrent.ThreadPoolExecutor.runWorker(ThreadPoolExecutor.java:1130)
at java.base/java.util.concurrent.ThreadPoolExecutor$Worker.run(ThreadPoolExecutor.java:630)
at java.base/java.lang.Thread.run(Thread.java:832)
... Removed 9 stack frames]]>
    </failure>
  </testcase> <!-- verifySearchedProductsAreSortedByPriceTest_TC_006 -->
  <testcase classname="com.assigment.tests.SearchPageTest" name="verifySearchedProductsAreSortedByPriceTest_TC_006" time="8.185">
    <failure type="java.util.UnknownFormatConversionException" message="Conversion = &amp;apos;%&amp;apos;">
      <![CDATA[java.util.UnknownFormatConversionException: Conversion = '%'
at java.base/java.util.Formatter.checkText(Formatter.java:2732)
at java.base/java.util.Formatter.parse(Formatter.java:2718)
at java.base/java.util.Formatter.format(Formatter.java:2655)
at java.base/java.util.Formatter.format(Formatter.java:2609)
at java.base/java.lang.String.format(String.java:3302)
at com.assigment.tests.SearchPageTest.lambda$verifySearchedProductsAreSortedByPriceTest_TC_006$1(SearchPageTest.java:213)
at org.assertj.core.api.WritableAssertionInfo.overridingErrorMessage(WritableAssertionInfo.java:60)
at org.assertj.core.internal.Failures.failureIfErrorMessageIsOverridden(Failures.java:148)
at org.assertj.core.internal.Failures.failure(Failures.java:102)
at org.assertj.core.internal.Objects.assertEqual(Objects.java:332)
at org.assertj.core.api.AbstractAssert.isEqualTo(AbstractAssert.java:360)
at org.assertj.core.api.AbstractIterableAssert.isEqualTo(AbstractIterableAssert.java:3431)
at org.assertj.core.api.AbstractListAssert.isEqualTo(AbstractListAssert.java:276)
at org.assertj.core.api.ListAssert.isEqualTo(ListAssert.java:83)
at com.assigment.tests.SearchPageTest.verifySearchedProductsAreSortedByPriceTest_TC_006(SearchPageTest.java:215)
at java.base/java.util.concurrent.FutureTask.run(FutureTask.java:264)
at java.base/java.util.concurrent.Executors$RunnableAdapter.call(Executors.java:515)
at java.base/java.util.concurrent.FutureTask.run(FutureTask.java:264)
at java.base/java.util.concurrent.ThreadPoolExecutor.runWorker(ThreadPoolExecutor.java:1130)
at java.base/java.util.concurrent.ThreadPoolExecutor$Worker.run(ThreadPoolExecutor.java:630)
at java.base/java.lang.Thread.run(Thread.java:832)
... Removed 9 stack frames]]>
    </failure>
  </testcase> <!-- verifySearchedProductsAreSortedByPriceTest_TC_006 -->
</testsuite> <!-- Test -->
