<?xml version="1.0" encoding="UTF-8"?>
<testsuite xmlns:xsi="http://www.w3.org/2001/XMLSchema-instance" xsi:noNamespaceSchemaLocation="https://maven.apache.org/surefire/maven-surefire-plugin/xsd/surefire-test-report-3.0.xsd" version="3.0" name="TestSuite" time="233.101" tests="22" errors="0" skipped="0" failures="5">
  <properties>
    <property name="java.specification.version" value="14"/>
    <property name="webdriver.chrome.driver" value="C:\Users\asus\.m2\repository\webdriver\chromedriver\win32\91.0.4472.101\chromedriver.exe"/>
    <property name="sun.cpu.isalist" value="amd64"/>
    <property name="sun.jnu.encoding" value="Cp1252"/>
    <property name="sun.awt.enableExtraMouseButtons" value="true"/>
    <property name="java.class.path" value="C:\Users\asus\eclipse-workspace\Kodo\KodoAutomationAssignment\target\test-classes;C:\Users\asus\eclipse-workspace\Kodo\KodoAutomationAssignment\target\classes;C:\Users\asus\.m2\repository\org\testng\testng\6.14.3\testng-6.14.3.jar;C:\Users\asus\.m2\repository\com\beust\jcommander\1.72\jcommander-1.72.jar;C:\Users\asus\.m2\repository\org\apache-extras\beanshell\bsh\2.0b6\bsh-2.0b6.jar;C:\Users\asus\.m2\repository\org\seleniumhq\selenium\selenium-java\3.141.59\selenium-java-3.141.59.jar;C:\Users\asus\.m2\repository\org\seleniumhq\selenium\selenium-api\3.141.59\selenium-api-3.141.59.jar;C:\Users\asus\.m2\repository\org\seleniumhq\selenium\selenium-chrome-driver\3.141.59\selenium-chrome-driver-3.141.59.jar;C:\Users\asus\.m2\repository\org\seleniumhq\selenium\selenium-edge-driver\3.141.59\selenium-edge-driver-3.141.59.jar;C:\Users\asus\.m2\repository\org\seleniumhq\selenium\selenium-firefox-driver\3.141.59\selenium-firefox-driver-3.141.59.jar;C:\Users\asus\.m2\repository\org\seleniumhq\selenium\selenium-ie-driver\3.141.59\selenium-ie-driver-3.141.59.jar;C:\Users\asus\.m2\repository\org\seleniumhq\selenium\selenium-opera-driver\3.141.59\selenium-opera-driver-3.141.59.jar;C:\Users\asus\.m2\repository\org\seleniumhq\selenium\selenium-remote-driver\3.141.59\selenium-remote-driver-3.141.59.jar;C:\Users\asus\.m2\repository\org\seleniumhq\selenium\selenium-safari-driver\3.141.59\selenium-safari-driver-3.141.59.jar;C:\Users\asus\.m2\repository\org\seleniumhq\selenium\selenium-support\3.141.59\selenium-support-3.141.59.jar;C:\Users\asus\.m2\repository\net\bytebuddy\byte-buddy\1.8.15\byte-buddy-1.8.15.jar;C:\Users\asus\.m2\repository\org\apache\commons\commons-exec\1.3\commons-exec-1.3.jar;C:\Users\asus\.m2\repository\com\google\guava\guava\25.0-jre\guava-25.0-jre.jar;C:\Users\asus\.m2\repository\com\google\code\findbugs\jsr305\1.3.9\jsr305-1.3.9.jar;C:\Users\asus\.m2\repository\org\checkerframework\checker-compat-qual\2.0.0\checker-compat-qual-2.0.0.jar;C:\Users\asus\.m2\repository\com\google\errorprone\error_prone_annotations\2.1.3\error_prone_annotations-2.1.3.jar;C:\Users\asus\.m2\repository\com\google\j2objc\j2objc-annotations\1.1\j2objc-annotations-1.1.jar;C:\Users\asus\.m2\repository\org\codehaus\mojo\animal-sniffer-annotations\1.14\animal-sniffer-annotations-1.14.jar;C:\Users\asus\.m2\repository\com\squareup\okhttp3\okhttp\3.11.0\okhttp-3.11.0.jar;C:\Users\asus\.m2\repository\com\squareup\okio\okio\1.14.0\okio-1.14.0.jar;C:\Users\asus\.m2\repository\org\apache\logging\log4j\log4j-api\2.4\log4j-api-2.4.jar;C:\Users\asus\.m2\repository\org\apache\logging\log4j\log4j-core\2.4\log4j-core-2.4.jar;C:\Users\asus\.m2\repository\io\github\bonigarcia\webdrivermanager\4.1.0\webdrivermanager-4.1.0.jar;C:\Users\asus\.m2\repository\org\slf4j\slf4j-api\1.7.30\slf4j-api-1.7.30.jar;C:\Users\asus\.m2\repository\commons-io\commons-io\2.7\commons-io-2.7.jar;C:\Users\asus\.m2\repository\com\google\code\gson\gson\2.8.6\gson-2.8.6.jar;C:\Users\asus\.m2\repository\org\apache\commons\commons-lang3\3.10\commons-lang3-3.10.jar;C:\Users\asus\.m2\repository\org\apache\httpcomponents\client5\httpclient5\5.0.1\httpclient5-5.0.1.jar;C:\Users\asus\.m2\repository\org\apache\httpcomponents\core5\httpcore5\5.0.1\httpcore5-5.0.1.jar;C:\Users\asus\.m2\repository\org\apache\httpcomponents\core5\httpcore5-h2\5.0.1\httpcore5-h2-5.0.1.jar;C:\Users\asus\.m2\repository\org\rauschig\jarchivelib\1.0.0\jarchivelib-1.0.0.jar;C:\Users\asus\.m2\repository\org\apache\commons\commons-compress\1.18\commons-compress-1.18.jar;C:\Users\asus\.m2\repository\org\jsoup\jsoup\1.13.1\jsoup-1.13.1.jar;C:\Users\asus\.m2\repository\org\assertj\assertj-core\3.18.1\assertj-core-3.18.1.jar;C:\Users\asus\.m2\repository\org\assertj\assertj-joda-time\2.2.0\assertj-joda-time-2.2.0.jar;C:\Users\asus\.m2\repository\joda-time\joda-time\2.10.9\joda-time-2.10.9.jar;C:\Users\asus\.m2\repository\org\apache\directory\studio\org.apache.commons.io\2.4\org.apache.commons.io-2.4.jar;C:\Users\asus\.m2\repository\org\apache\poi\poi\3.9\poi-3.9.jar;C:\Users\asus\.m2\repository\commons-codec\commons-codec\1.5\commons-codec-1.5.jar;C:\Users\asus\.m2\repository\org\apache\poi\poi-ooxml\3.9\poi-ooxml-3.9.jar;C:\Users\asus\.m2\repository\dom4j\dom4j\1.6.1\dom4j-1.6.1.jar;C:\Users\asus\.m2\repository\xml-apis\xml-apis\1.0.b2\xml-apis-1.0.b2.jar;C:\Users\asus\.m2\repository\org\apache\poi\poi-ooxml-schemas\3.9\poi-ooxml-schemas-3.9.jar;C:\Users\asus\.m2\repository\org\apache\xmlbeans\xmlbeans\2.3.0\xmlbeans-2.3.0.jar;C:\Users\asus\.m2\repository\stax\stax-api\1.0.1\stax-api-1.0.1.jar;C:\Users\asus\.m2\repository\org\apache\poi\poi-scratchpad\3.9\poi-scratchpad-3.9.jar;C:\Users\asus\.m2\repository\org\apache\poi\ooxml-schemas\1.1\ooxml-schemas-1.1.jar;C:\Users\asus\.m2\repository\org\apache\poi\openxml4j\1.0-beta\openxml4j-1.0-beta.jar;C:\Users\asus\.m2\repository\log4j\log4j\1.2.8\log4j-1.2.8.jar;C:\Users\asus\.m2\repository\org\apache\commons\commons-email\1.5\commons-email-1.5.jar;C:\Users\asus\.m2\repository\com\sun\mail\javax.mail\1.5.6\javax.mail-1.5.6.jar;C:\Users\asus\.m2\repository\javax\activation\activation\1.1\activation-1.1.jar;C:\Users\asus\.m2\repository\com\aventstack\extentreports\5.0.5\extentreports-5.0.5.jar;C:\Users\asus\.m2\repository\io\reactivex\rxjava3\rxjava\3.0.4\rxjava-3.0.4.jar;C:\Users\asus\.m2\repository\org\reactivestreams\reactive-streams\1.0.3\reactive-streams-1.0.3.jar;C:\Users\asus\.m2\repository\org\freemarker\freemarker\2.3.30\freemarker-2.3.30.jar;C:\Users\asus\.m2\repository\org\projectlombok\lombok\1.18.12\lombok-1.18.12.jar;"/>
    <property name="java.vm.vendor" value="Oracle Corporation"/>
    <property name="sun.arch.data.model" value="64"/>
    <property name="user.variant" value=""/>
    <property name="java.vendor.url" value="https://java.oracle.com/"/>
    <property name="user.timezone" value="Asia/Calcutta"/>
    <property name="os.name" value="Windows 10"/>
    <property name="java.vm.specification.version" value="14"/>
    <property name="sun.java.launcher" value="SUN_STANDARD"/>
    <property name="user.country" value="IN"/>
    <property name="sun.boot.library.path" value="C:\Program Files\Java\jdk-14.0.2\bin"/>
    <property name="sun.java.command" value="C:\Users\asus\AppData\Local\Temp\surefire14303590774592754554\surefirebooter12152796752469087311.jar C:\Users\asus\AppData\Local\Temp\surefire14303590774592754554 2021-06-23T00-48-15_170-jvmRun1 surefire10450706033577987225tmp surefire_011534822852513693725tmp"/>
    <property name="jdk.debug" value="release"/>
    <property name="surefire.test.class.path" value="C:\Users\asus\eclipse-workspace\Kodo\KodoAutomationAssignment\target\test-classes;C:\Users\asus\eclipse-workspace\Kodo\KodoAutomationAssignment\target\classes;C:\Users\asus\.m2\repository\org\testng\testng\6.14.3\testng-6.14.3.jar;C:\Users\asus\.m2\repository\com\beust\jcommander\1.72\jcommander-1.72.jar;C:\Users\asus\.m2\repository\org\apache-extras\beanshell\bsh\2.0b6\bsh-2.0b6.jar;C:\Users\asus\.m2\repository\org\seleniumhq\selenium\selenium-java\3.141.59\selenium-java-3.141.59.jar;C:\Users\asus\.m2\repository\org\seleniumhq\selenium\selenium-api\3.141.59\selenium-api-3.141.59.jar;C:\Users\asus\.m2\repository\org\seleniumhq\selenium\selenium-chrome-driver\3.141.59\selenium-chrome-driver-3.141.59.jar;C:\Users\asus\.m2\repository\org\seleniumhq\selenium\selenium-edge-driver\3.141.59\selenium-edge-driver-3.141.59.jar;C:\Users\asus\.m2\repository\org\seleniumhq\selenium\selenium-firefox-driver\3.141.59\selenium-firefox-driver-3.141.59.jar;C:\Users\asus\.m2\repository\org\seleniumhq\selenium\selenium-ie-driver\3.141.59\selenium-ie-driver-3.141.59.jar;C:\Users\asus\.m2\repository\org\seleniumhq\selenium\selenium-opera-driver\3.141.59\selenium-opera-driver-3.141.59.jar;C:\Users\asus\.m2\repository\org\seleniumhq\selenium\selenium-remote-driver\3.141.59\selenium-remote-driver-3.141.59.jar;C:\Users\asus\.m2\repository\org\seleniumhq\selenium\selenium-safari-driver\3.141.59\selenium-safari-driver-3.141.59.jar;C:\Users\asus\.m2\repository\org\seleniumhq\selenium\selenium-support\3.141.59\selenium-support-3.141.59.jar;C:\Users\asus\.m2\repository\net\bytebuddy\byte-buddy\1.8.15\byte-buddy-1.8.15.jar;C:\Users\asus\.m2\repository\org\apache\commons\commons-exec\1.3\commons-exec-1.3.jar;C:\Users\asus\.m2\repository\com\google\guava\guava\25.0-jre\guava-25.0-jre.jar;C:\Users\asus\.m2\repository\com\google\code\findbugs\jsr305\1.3.9\jsr305-1.3.9.jar;C:\Users\asus\.m2\repository\org\checkerframework\checker-compat-qual\2.0.0\checker-compat-qual-2.0.0.jar;C:\Users\asus\.m2\repository\com\google\errorprone\error_prone_annotations\2.1.3\error_prone_annotations-2.1.3.jar;C:\Users\asus\.m2\repository\com\google\j2objc\j2objc-annotations\1.1\j2objc-annotations-1.1.jar;C:\Users\asus\.m2\repository\org\codehaus\mojo\animal-sniffer-annotations\1.14\animal-sniffer-annotations-1.14.jar;C:\Users\asus\.m2\repository\com\squareup\okhttp3\okhttp\3.11.0\okhttp-3.11.0.jar;C:\Users\asus\.m2\repository\com\squareup\okio\okio\1.14.0\okio-1.14.0.jar;C:\Users\asus\.m2\repository\org\apache\logging\log4j\log4j-api\2.4\log4j-api-2.4.jar;C:\Users\asus\.m2\repository\org\apache\logging\log4j\log4j-core\2.4\log4j-core-2.4.jar;C:\Users\asus\.m2\repository\io\github\bonigarcia\webdrivermanager\4.1.0\webdrivermanager-4.1.0.jar;C:\Users\asus\.m2\repository\org\slf4j\slf4j-api\1.7.30\slf4j-api-1.7.30.jar;C:\Users\asus\.m2\repository\commons-io\commons-io\2.7\commons-io-2.7.jar;C:\Users\asus\.m2\repository\com\google\code\gson\gson\2.8.6\gson-2.8.6.jar;C:\Users\asus\.m2\repository\org\apache\commons\commons-lang3\3.10\commons-lang3-3.10.jar;C:\Users\asus\.m2\repository\org\apache\httpcomponents\client5\httpclient5\5.0.1\httpclient5-5.0.1.jar;C:\Users\asus\.m2\repository\org\apache\httpcomponents\core5\httpcore5\5.0.1\httpcore5-5.0.1.jar;C:\Users\asus\.m2\repository\org\apache\httpcomponents\core5\httpcore5-h2\5.0.1\httpcore5-h2-5.0.1.jar;C:\Users\asus\.m2\repository\org\rauschig\jarchivelib\1.0.0\jarchivelib-1.0.0.jar;C:\Users\asus\.m2\repository\org\apache\commons\commons-compress\1.18\commons-compress-1.18.jar;C:\Users\asus\.m2\repository\org\jsoup\jsoup\1.13.1\jsoup-1.13.1.jar;C:\Users\asus\.m2\repository\org\assertj\assertj-core\3.18.1\assertj-core-3.18.1.jar;C:\Users\asus\.m2\repository\org\assertj\assertj-joda-time\2.2.0\assertj-joda-time-2.2.0.jar;C:\Users\asus\.m2\repository\joda-time\joda-time\2.10.9\joda-time-2.10.9.jar;C:\Users\asus\.m2\repository\org\apache\directory\studio\org.apache.commons.io\2.4\org.apache.commons.io-2.4.jar;C:\Users\asus\.m2\repository\org\apache\poi\poi\3.9\poi-3.9.jar;C:\Users\asus\.m2\repository\commons-codec\commons-codec\1.5\commons-codec-1.5.jar;C:\Users\asus\.m2\repository\org\apache\poi\poi-ooxml\3.9\poi-ooxml-3.9.jar;C:\Users\asus\.m2\repository\dom4j\dom4j\1.6.1\dom4j-1.6.1.jar;C:\Users\asus\.m2\repository\xml-apis\xml-apis\1.0.b2\xml-apis-1.0.b2.jar;C:\Users\asus\.m2\repository\org\apache\poi\poi-ooxml-schemas\3.9\poi-ooxml-schemas-3.9.jar;C:\Users\asus\.m2\repository\org\apache\xmlbeans\xmlbeans\2.3.0\xmlbeans-2.3.0.jar;C:\Users\asus\.m2\repository\stax\stax-api\1.0.1\stax-api-1.0.1.jar;C:\Users\asus\.m2\repository\org\apache\poi\poi-scratchpad\3.9\poi-scratchpad-3.9.jar;C:\Users\asus\.m2\repository\org\apache\poi\ooxml-schemas\1.1\ooxml-schemas-1.1.jar;C:\Users\asus\.m2\repository\org\apache\poi\openxml4j\1.0-beta\openxml4j-1.0-beta.jar;C:\Users\asus\.m2\repository\log4j\log4j\1.2.8\log4j-1.2.8.jar;C:\Users\asus\.m2\repository\org\apache\commons\commons-email\1.5\commons-email-1.5.jar;C:\Users\asus\.m2\repository\com\sun\mail\javax.mail\1.5.6\javax.mail-1.5.6.jar;C:\Users\asus\.m2\repository\javax\activation\activation\1.1\activation-1.1.jar;C:\Users\asus\.m2\repository\com\aventstack\extentreports\5.0.5\extentreports-5.0.5.jar;C:\Users\asus\.m2\repository\io\reactivex\rxjava3\rxjava\3.0.4\rxjava-3.0.4.jar;C:\Users\asus\.m2\repository\org\reactivestreams\reactive-streams\1.0.3\reactive-streams-1.0.3.jar;C:\Users\asus\.m2\repository\org\freemarker\freemarker\2.3.30\freemarker-2.3.30.jar;C:\Users\asus\.m2\repository\org\projectlombok\lombok\1.18.12\lombok-1.18.12.jar;"/>
    <property name="sun.cpu.endian" value="little"/>
    <property name="user.home" value="C:\Users\asus"/>
    <property name="user.language" value="en"/>
    <property name="java.specification.vendor" value="Oracle Corporation"/>
    <property name="java.version.date" value="2020-07-14"/>
    <property name="java.home" value="C:\Program Files\Java\jdk-14.0.2"/>
    <property name="file.separator" value="\"/>
    <property name="basedir" value="C:\Users\asus\eclipse-workspace\Kodo\KodoAutomationAssignment"/>
    <property name="java.vm.compressedOopsMode" value="Zero based"/>
    <property name="line.separator" value="&#10;"/>
    <property name="java.vm.specification.vendor" value="Oracle Corporation"/>
    <property name="java.specification.name" value="Java Platform API Specification"/>
    <property name="surefire.real.class.path" value="C:\Users\asus\AppData\Local\Temp\surefire14303590774592754554\surefirebooter12152796752469087311.jar"/>
    <property name="user.script" value=""/>
    <property name="sun.management.compiler" value="HotSpot 64-Bit Tiered Compilers"/>
    <property name="java.runtime.version" value="14.0.2+12-46"/>
    <property name="user.name" value="asus"/>
    <property name="path.separator" value=";"/>
    <property name="os.version" value="10.0"/>
    <property name="java.runtime.name" value="Java(TM) SE Runtime Environment"/>
    <property name="file.encoding" value="Cp1252"/>
    <property name="java.vm.name" value="Java HotSpot(TM) 64-Bit Server VM"/>
    <property name="localRepository" value="C:\Users\asus\.m2\repository"/>
    <property name="java.vendor.url.bug" value="https://bugreport.java.com/bugreport/"/>
    <property name="java.io.tmpdir" value="C:\Users\asus\AppData\Local\Temp\"/>
    <property name="java.version" value="14.0.2"/>
    <property name="user.dir" value="C:\Users\asus\eclipse-workspace\Kodo\KodoAutomationAssignment"/>
    <property name="os.arch" value="amd64"/>
    <property name="java.vm.specification.name" value="Java Virtual Machine Specification"/>
    <property name="sun.os.patch.level" value=""/>
    <property name="java.library.path" value="C:\Program Files\Java\jdk-14.0.2\bin;C:\WINDOWS\Sun\Java\bin;C:\WINDOWS\system32;C:\WINDOWS;C:\Program Files (x86)\Common Files\Oracle\Java\javapath;C:\WINDOWS\system32;C:\WINDOWS;C:\WINDOWS\System32\Wbem;C:\WINDOWS\System32\WindowsPowerShell\v1.0\;C:\WINDOWS\System32\OpenSSH\;C:\Program Files\Java\jdk-14.0.2\bin;C:\Users\asus\Downloads\apache-maven-3.6.3-bin\apache-maven-3.6.3\bin;C:\Users\asus\AppData\Local\Android\Sdk\tools;C:\Users\asus\AppData\Local\Android\Sdk\tools\bin;C:\Users\asus\AppData\Local\Android\Sdk\platform-tools;C:\Program Files\MySQL\MySQL Shell 8.0\bin\;C:\Users\asus\AppData\Local\Programs\Python\Python39\Scripts\;C:\Users\asus\AppData\Local\Programs\Python\Python39\;C:\Users\asus\AppData\Local\Microsoft\WindowsApps;C:\Users\asus\AppData\Local\Programs\Microsoft VS Code\bin;C:\Users\asus\AppData\Local\GitHubDesktop\bin;."/>
    <property name="java.vm.info" value="mixed mode, sharing"/>
    <property name="java.vendor" value="Oracle Corporation"/>
    <property name="java.vm.version" value="14.0.2+12-46"/>
    <property name="sun.io.unicode.encoding" value="UnicodeLittle"/>
    <property name="java.class.version" value="58.0"/>
  </properties>
  <testcase name="verifySearchedProductsWithProductTypeTest_TC_002" classname="com.assigment.tests.DressPageTest" time="15.598"/>
  <testcase name="verifySearchedProductsWithProductTypeTest_TC_002" classname="com.assigment.tests.DressPageTest" time="20.066">
    <failure message="All the expected searched products were supposed to be related to the searched product type only but were not" type="java.lang.AssertionError"><![CDATA[java.lang.AssertionError: All the expected searched products were supposed to be related to the searched product type only but were not
	at com.assigment.tests.DressPageTest.verifySearchedProductsWithProductTypeTest_TC_002(DressPageTest.java:65)
]]></failure>
    <system-out><![CDATA[pass---->Search button is clicked
pass---->Search in Bread crumb is displayed
pass---->Search button is clicked
pass---->Search in Bread crumb is displayed
pass---->Products related to product sub-category are only retrieved
]]></system-out>
  </testcase>
  <testcase name="verifySearchedProductsWithProductTypeTest_TC_002" classname="com.assigment.tests.DressPageTest" time="37.708">
    <failure message="Expected condition failed: waiting for visibility of all elements located by By.xpath: //*[@class=&apos;right-block&apos;]//a[@class=&apos;product-name&apos;] (tried for 20 second(s) with 500 milliseconds interval)&#10;Build info: version: &apos;3.141.59&apos;, revision: &apos;e82be7d358&apos;, time: &apos;2018-11-14T08:17:03&apos;&#10;System info: host: &apos;K10185&apos;, ip: &apos;192.168.1.106&apos;, os.name: &apos;Windows 10&apos;, os.arch: &apos;amd64&apos;, os.version: &apos;10.0&apos;, java.version: &apos;14.0.2&apos;&#10;Driver info: org.openqa.selenium.chrome.ChromeDriver&#10;Capabilities {acceptInsecureCerts: false, browserName: chrome, browserVersion: 91.0.4472.101, chrome: {chromedriverVersion: 91.0.4472.101 (af52a90bf870..., userDataDir: C:\Users\asus\AppData\Local...}, goog:chromeOptions: {debuggerAddress: localhost:51290}, javascriptEnabled: true, networkConnectionEnabled: false, pageLoadStrategy: normal, platform: WINDOWS, platformName: WINDOWS, proxy: Proxy(), setWindowRect: true, strictFileInteractability: false, timeouts: {implicit: 0, pageLoad: 300000, script: 30000}, unhandledPromptBehavior: dismiss and notify, webauthn:extension:largeBlob: true, webauthn:virtualAuthenticators: true}&#10;Session ID: 31696a1dd35f572adbc9235fed648390" type="org.openqa.selenium.TimeoutException"><![CDATA[org.openqa.selenium.TimeoutException: 
Expected condition failed: waiting for visibility of all elements located by By.xpath: //*[@class='right-block']//a[@class='product-name'] (tried for 20 second(s) with 500 milliseconds interval)
Build info: version: '3.141.59', revision: 'e82be7d358', time: '2018-11-14T08:17:03'
System info: host: 'K10185', ip: '192.168.1.106', os.name: 'Windows 10', os.arch: 'amd64', os.version: '10.0', java.version: '14.0.2'
Driver info: org.openqa.selenium.chrome.ChromeDriver
Capabilities {acceptInsecureCerts: false, browserName: chrome, browserVersion: 91.0.4472.101, chrome: {chromedriverVersion: 91.0.4472.101 (af52a90bf870..., userDataDir: C:\Users\asus\AppData\Local...}, goog:chromeOptions: {debuggerAddress: localhost:51290}, javascriptEnabled: true, networkConnectionEnabled: false, pageLoadStrategy: normal, platform: WINDOWS, platformName: WINDOWS, proxy: Proxy(), setWindowRect: true, strictFileInteractability: false, timeouts: {implicit: 0, pageLoad: 300000, script: 30000}, unhandledPromptBehavior: dismiss and notify, webauthn:extension:largeBlob: true, webauthn:virtualAuthenticators: true}
Session ID: 31696a1dd35f572adbc9235fed648390
	at com.assigment.tests.DressPageTest.verifySearchedProductsWithProductTypeTest_TC_002(DressPageTest.java:61)
]]></failure>
  </testcase>
  <testcase name="verifyAutoSuggestionAndRelatedProductsTest_TC_009" classname="com.assigment.tests.HomePageTest" time="2.798">
    <failure message="Some of the auto suggested products are not related to the given keyword" type="java.lang.AssertionError"><![CDATA[java.lang.AssertionError: Some of the auto suggested products are not related to the given keyword
	at com.assigment.tests.HomePageTest.verifyAutoSuggestionAndRelatedProductsTest_TC_009(HomePageTest.java:124)
]]></failure>
    <system-out><![CDATA[pass---->Search text field is cleared
pass---->Cas is entered in Search text field
pass---->Auto suggestion  is displayed
pass---->Related suggested products  are only retrieved
]]></system-out>
    <system-err><![CDATA[Starting ChromeDriver 91.0.4472.101 (af52a90bf87030dd1523486a1cd3ae25c5d76c9b-refs/branch-heads/4472@{#1462}) on port 10031
Only local connections are allowed.
Please see https://chromedriver.chromium.org/security-considerations for suggestions on keeping ChromeDriver safe.
ChromeDriver was started successfully.
Jun 23, 2021 12:49:11 AM org.openqa.selenium.remote.ProtocolHandshake createSession
INFO: Detected dialect: W3C
]]></system-err>
  </testcase>
  <testcase name="verifyProductElementsAreDisplayedTest_TC_003" classname="com.assigment.tests.HomePageTest" time="2.779"/>
  <testcase name="verifyProductElementsAreDisplayedTest_TC_003" classname="com.assigment.tests.HomePageTest" time="3.077"/>
  <testcase name="verifySearchedProductsWithProductNameTest_TC_001" classname="com.assigment.tests.HomePageTest" time="0.55"/>
  <testcase name="verifySearchedProductsWithProductNameTest_TC_001" classname="com.assigment.tests.HomePageTest" time="3.649"/>
  <testcase name="verifyPopUpIsShownOnClickingProdContainerBtnTest_TC_004" classname="com.assigment.tests.SearchPageTest" time="7.249"/>
  <testcase name="verifyPopUpIsShownOnClickingProdContainerBtnTest_TC_004" classname="com.assigment.tests.SearchPageTest" time="9.261"/>
  <testcase name="verifyPopUpIsShownOnClickingProdContainerBtnTest_TC_004" classname="com.assigment.tests.SearchPageTest" time="10.287"/>
  <testcase name="verifyProductDescriptionPageIsDisplayedTest_TC_005" classname="com.assigment.tests.SearchPageTest" time="6.026"/>
  <testcase name="verifyProductDescriptionPageIsDisplayedTest_TC_005" classname="com.assigment.tests.SearchPageTest" time="7.724"/>
  <testcase name="verifyProductDescriptionPageIsDisplayedTest_TC_005" classname="com.assigment.tests.SearchPageTest" time="8.523"/>
  <testcase name="verifyRequiredSearchPageViewIsSelectedTest_TC_007" classname="com.assigment.tests.SearchPageTest" time="16.23"/>
  <testcase name="verifyRequiredSearchPageViewIsSelectedTest_TC_007" classname="com.assigment.tests.SearchPageTest" time="17.572"/>
  <testcase name="verifySearchPageFieldIsDisplayedTest_TC_008" classname="com.assigment.tests.SearchPageTest" time="2.55"/>
  <testcase name="verifySearchPageFieldIsDisplayedTest_TC_008" classname="com.assigment.tests.SearchPageTest" time="3.117"/>
  <testcase name="verifySearchedProductsAreSortedByNameTest_TC_006" classname="com.assigment.tests.SearchPageTest" time="5.717"/>
  <testcase name="verifySearchedProductsAreSortedByNameTest_TC_006" classname="com.assigment.tests.SearchPageTest" time="5.827"/>
  <testcase name="verifySearchedProductsAreSortedByPriceTest_TC_006" classname="com.assigment.tests.SearchPageTest" time="5.067">
    <failure message="Conversion = &apos;%&apos;" type="java.util.UnknownFormatConversionException"><![CDATA[java.util.UnknownFormatConversionException: Conversion = '%'
	at com.assigment.tests.SearchPageTest.lambda$verifySearchedProductsAreSortedByPriceTest_TC_006$1(SearchPageTest.java:213)
	at com.assigment.tests.SearchPageTest.verifySearchedProductsAreSortedByPriceTest_TC_006(SearchPageTest.java:215)
]]></failure>
    <system-out><![CDATA[pass---->Search text field is cleared
pass---->Dresses is entered in Search text field
pass---->Search text field is cleared
pass---->Dresses is entered in Search text field
pass---->Search button is clicked
pass---->Sort by option is clicked
pass---->Search button is clicked
pass---->Sort by option is clicked
pass---->Lowest price first Sort option is clicked
pass---->Products sorted by Lowest price first are retrieved
]]></system-out>
    <system-err><![CDATA[Starting ChromeDriver 91.0.4472.101 (af52a90bf87030dd1523486a1cd3ae25c5d76c9b-refs/branch-heads/4472@{#1462}) on port 6778
Only local connections are allowed.
Please see https://chromedriver.chromium.org/security-considerations for suggestions on keeping ChromeDriver safe.
Starting ChromeDriver 91.0.4472.101 (af52a90bf87030dd1523486a1cd3ae25c5d76c9b-refs/branch-heads/4472@{#1462}) on port 29357
Only local connections are allowed.
Please see https://chromedriver.chromium.org/security-considerations for suggestions on keeping ChromeDriver safe.
ChromeDriver was started successfully.
ChromeDriver was started successfully.
Jun 23, 2021 12:51:45 AM org.openqa.selenium.remote.ProtocolHandshake createSession
INFO: Detected dialect: W3C
Jun 23, 2021 12:51:45 AM org.openqa.selenium.remote.ProtocolHandshake createSession
INFO: Detected dialect: W3C
]]></system-err>
  </testcase>
  <testcase name="verifySearchedProductsAreSortedByPriceTest_TC_006" classname="com.assigment.tests.SearchPageTest" time="8.328">
    <failure message="Conversion = &apos;%&apos;" type="java.util.UnknownFormatConversionException"><![CDATA[java.util.UnknownFormatConversionException: Conversion = '%'
	at com.assigment.tests.SearchPageTest.lambda$verifySearchedProductsAreSortedByPriceTest_TC_006$1(SearchPageTest.java:213)
	at com.assigment.tests.SearchPageTest.verifySearchedProductsAreSortedByPriceTest_TC_006(SearchPageTest.java:215)
]]></failure>
    <system-out><![CDATA[pass---->Highest price first Sort option is clicked
pass---->Products sorted by Highest price first are retrieved
]]></system-out>
  </testcase>
</testsuite>