<!DOCTYPE html PUBLIC "-//W3C//DTD XHTML 1.1//EN" "http://www.w3.org/TR/xhtml11/DTD/xhtml11.dtd">
<html xmlns="http://www.w3.org/1999/xhtml">
<head>
<meta http-equiv="content-type" content="text/html; charset=UTF-8"/>
<title>TestNG Report</title>
<style type="text/css">table {margin-bottom:10px;border-collapse:collapse;empty-cells:show}th,td {border:1px solid #009;padding:.25em .5em}th {vertical-align:bottom}td {vertical-align:top}table a {font-weight:bold}.stripe td {background-color: #E6EBF9}.num {text-align:right}.passedodd td {background-color: #3F3}.passedeven td {background-color: #0A0}.skippedodd td {background-color: #DDD}.skippedeven td {background-color: #CCC}.failedodd td,.attn {background-color: #F33}.failedeven td,.stripe .attn {background-color: #D00}.stacktrace {white-space:pre;font-family:monospace}.totop {font-size:85%;text-align:center;border-bottom:2px solid #000}.invisible {display:none}</style>
</head>
<body>
<table>
<tr><th>Test</th><th># Passed</th><th># Skipped</th><th># Failed</th><th>Time (ms)</th><th>Included Groups</th><th>Excluded Groups</th></tr>
<tr><th colspan="7">Suite</th></tr>
<tr><td><a href="#t0">Test</a></td><td class="num">17</td><td class="num">0</td><td class="num attn">5</td><td class="num">235,450</td><td></td><td></td></tr>
</table>
<table id='summary'><thead><tr><th>Class</th><th>Method</th><th>Start</th><th>Time (ms)</th></tr></thead><tbody><tr><th colspan="4">Suite</th></tr></tbody><tbody id="t0"><tr><th colspan="4">Test &#8212; failed</th></tr><tr class="failedeven"><td rowspan="2">com.assigment.tests.DressPageTest</td><td><a href="#m0">verifySearchedProductsWithProductTypeTest_TC_002</a></td><td rowspan="2">1624389135924</td><td rowspan="2">39525</td></tr><tr class="failedeven"><td><a href="#m1">verifySearchedProductsWithProductTypeTest_TC_002</a></td></tr><tr class="failedodd"><td rowspan="1">com.assigment.tests.HomePageTest</td><td><a href="#m2">verifyAutoSuggestionAndRelatedProductsTest_TC_009</a></td><td rowspan="1">1624389185116</td><td rowspan="1">1933</td></tr><tr class="failedeven"><td rowspan="2">com.assigment.tests.SearchPageTest</td><td><a href="#m3">verifySearchedProductsAreSortedByPriceTest_TC_006</a></td><td rowspan="2">1624389349828</td><td rowspan="2">4682</td></tr><tr class="failedeven"><td><a href="#m4">verifySearchedProductsAreSortedByPriceTest_TC_006</a></td></tr><tr><th colspan="4">Test &#8212; passed</th></tr><tr class="passedeven"><td rowspan="1">com.assigment.tests.DressPageTest</td><td><a href="#m5">verifySearchedProductsWithProductTypeTest_TC_002</a></td><td rowspan="1">1624389133599</td><td rowspan="1">10898</td></tr><tr class="passedodd"><td rowspan="4">com.assigment.tests.HomePageTest</td><td><a href="#m6">verifyProductElementsAreDisplayedTest_TC_003</a></td><td rowspan="2">1624389196505</td><td rowspan="2">3045</td></tr><tr class="passedodd"><td><a href="#m7">verifyProductElementsAreDisplayedTest_TC_003</a></td></tr><tr class="passedodd"><td><a href="#m8">verifySearchedProductsWithProductNameTest_TC_001</a></td><td rowspan="2">1624389216089</td><td rowspan="2">2961</td></tr><tr class="passedodd"><td><a href="#m9">verifySearchedProductsWithProductNameTest_TC_001</a></td></tr><tr class="passedeven"><td rowspan="12">com.assigment.tests.SearchPageTest</td><td><a href="#m10">verifyPopUpIsShownOnClickingProdContainerBtnTest_TC_004</a></td><td rowspan="3">1624389228957</td><td rowspan="3">9704</td></tr><tr class="passedeven"><td><a href="#m11">verifyPopUpIsShownOnClickingProdContainerBtnTest_TC_004</a></td></tr><tr class="passedeven"><td><a href="#m12">verifyPopUpIsShownOnClickingProdContainerBtnTest_TC_004</a></td></tr><tr class="passedeven"><td><a href="#m13">verifyProductDescriptionPageIsDisplayedTest_TC_005</a></td><td rowspan="3">1624389259206</td><td rowspan="3">8582</td></tr><tr class="passedeven"><td><a href="#m14">verifyProductDescriptionPageIsDisplayedTest_TC_005</a></td></tr><tr class="passedeven"><td><a href="#m15">verifyProductDescriptionPageIsDisplayedTest_TC_005</a></td></tr><tr class="passedeven"><td><a href="#m16">verifyRequiredSearchPageViewIsSelectedTest_TC_007</a></td><td rowspan="2">1624389279712</td><td rowspan="2">18456</td></tr><tr class="passedeven"><td><a href="#m17">verifyRequiredSearchPageViewIsSelectedTest_TC_007</a></td></tr><tr class="passedeven"><td><a href="#m18">verifySearchPageFieldIsDisplayedTest_TC_008</a></td><td rowspan="2">1624389312573</td><td rowspan="2">2585</td></tr><tr class="passedeven"><td><a href="#m19">verifySearchPageFieldIsDisplayedTest_TC_008</a></td></tr><tr class="passedeven"><td><a href="#m20">verifySearchedProductsAreSortedByNameTest_TC_006</a></td><td rowspan="2">1624389328438</td><td rowspan="2">6320</td></tr><tr class="passedeven"><td><a href="#m21">verifySearchedProductsAreSortedByNameTest_TC_006</a></td></tr></tbody>
</table>
<h2>Test</h2><h3 id="m0">com.assigment.tests.DressPageTest#verifySearchedProductsWithProductTypeTest_TC_002</h3><table class="result"><tr class="param"><th>Parameter #1</th></tr><tr class="param stripe"><td>{productElement=, attributeValue=, index=1, replacingValue=, testname=verifySearchedProductsWithProductTypeTest_TC_002, execute=yes, propertyName=, searchPageField=, sortByOption=, browser=chrome, keyword=Women, productType=product category}</td></tr><tr><th>Exception</th></tr><tr><td><div class="stacktrace">org.openqa.selenium.TimeoutException: Expected condition failed: waiting for visibility of all elements located by By.xpath: //*[@class=&apos;right-block&apos;]//a[@class=&apos;product-name&apos;] (tried for 20 second(s) with 500 milliseconds interval)
Build info: version: &apos;3.141.59&apos;, revision: &apos;e82be7d358&apos;, time: &apos;2018-11-14T08:17:03&apos;
System info: host: &apos;K10185&apos;, ip: &apos;192.168.1.106&apos;, os.name: &apos;Windows 10&apos;, os.arch: &apos;amd64&apos;, os.version: &apos;10.0&apos;, java.version: &apos;14.0.2&apos;
Driver info: org.openqa.selenium.chrome.ChromeDriver
Capabilities {acceptInsecureCerts: false, browserName: chrome, browserVersion: 91.0.4472.101, chrome: {chromedriverVersion: 91.0.4472.101 (af52a90bf870..., userDataDir: C:\Users\asus\AppData\Local...}, goog:chromeOptions: {debuggerAddress: localhost:64127}, javascriptEnabled: true, networkConnectionEnabled: false, pageLoadStrategy: normal, platform: WINDOWS, platformName: WINDOWS, proxy: Proxy(), setWindowRect: true, strictFileInteractability: false, timeouts: {implicit: 0, pageLoad: 300000, script: 30000}, unhandledPromptBehavior: dismiss and notify, webauthn:extension:largeBlob: true, webauthn:virtualAuthenticators: true}
Session ID: 930809813c67b936df3cea4b68a48f7a
	at org.openqa.selenium.support.ui.WebDriverWait.timeoutException(WebDriverWait.java:95)
	at org.openqa.selenium.support.ui.FluentWait.until(FluentWait.java:272)
	at com.assignment.factories.ExplicitWaitFactory.executeExplicitWaitForElements(ExplicitWaitFactory.java:68)
	at com.assignment.pages.BasePage.getTextOfAllElements(BasePage.java:245)
	at com.assignment.pages.SearchPage.getSearchedProductsByName(SearchPage.java:83)
	at com.assigment.tests.DressPageTest.verifySearchedProductsWithProductTypeTest_TC_002(DressPageTest.java:61)
	at java.base/java.util.concurrent.FutureTask.run(FutureTask.java:264)
	at java.base/java.util.concurrent.Executors$RunnableAdapter.call(Executors.java:515)
	at java.base/java.util.concurrent.FutureTask.run(FutureTask.java:264)
	at java.base/java.util.concurrent.ThreadPoolExecutor.runWorker(ThreadPoolExecutor.java:1130)
	at java.base/java.util.concurrent.ThreadPoolExecutor$Worker.run(ThreadPoolExecutor.java:630)
	at java.base/java.lang.Thread.run(Thread.java:832)
... Removed 9 stack frames</div></td></tr></table><p class="totop"><a href="#summary">back to summary</a></p>
<h3 id="m1">com.assigment.tests.DressPageTest#verifySearchedProductsWithProductTypeTest_TC_002</h3><table class="result"><tr class="param"><th>Parameter #1</th></tr><tr class="param stripe"><td>{productElement=, attributeValue=, index=2, replacingValue=, testname=verifySearchedProductsWithProductTypeTest_TC_002, execute=yes, propertyName=, searchPageField=, sortByOption=, browser=chrome, keyword=Dresses, productType=product sub-category}</td></tr><tr><th>Exception</th></tr><tr><td><div class="stacktrace">java.lang.AssertionError: All the expected searched products were supposed to be related to the searched product type only but were not
	at com.assigment.tests.DressPageTest.verifySearchedProductsWithProductTypeTest_TC_002(DressPageTest.java:65)
	at java.base/java.util.concurrent.FutureTask.run(FutureTask.java:264)
	at java.base/java.util.concurrent.Executors$RunnableAdapter.call(Executors.java:515)
	at java.base/java.util.concurrent.FutureTask.run(FutureTask.java:264)
	at java.base/java.util.concurrent.ThreadPoolExecutor.runWorker(ThreadPoolExecutor.java:1130)
	at java.base/java.util.concurrent.ThreadPoolExecutor$Worker.run(ThreadPoolExecutor.java:630)
	at java.base/java.lang.Thread.run(Thread.java:832)
... Removed 9 stack frames</div></td></tr></table><p class="totop"><a href="#summary">back to summary</a></p>
<h3 id="m2">com.assigment.tests.HomePageTest#verifyAutoSuggestionAndRelatedProductsTest_TC_009</h3><table class="result"><tr class="param"><th>Parameter #1</th></tr><tr class="param stripe"><td>{productElement=, attributeValue=, index=, replacingValue=, testname=verifyAutoSuggestionAndRelatedProductsTest_TC_009, execute=yes, propertyName=, searchPageField=, sortByOption=, browser=chrome, keyword=Cas, productType=}</td></tr><tr><th>Exception</th></tr><tr><td><div class="stacktrace">java.lang.AssertionError: Some of the auto suggested products are not related to the given keyword
	at com.assigment.tests.HomePageTest.verifyAutoSuggestionAndRelatedProductsTest_TC_009(HomePageTest.java:124)
	at java.base/java.util.concurrent.FutureTask.run(FutureTask.java:264)
	at java.base/java.util.concurrent.Executors$RunnableAdapter.call(Executors.java:515)
	at java.base/java.util.concurrent.FutureTask.run(FutureTask.java:264)
	at java.base/java.util.concurrent.ThreadPoolExecutor.runWorker(ThreadPoolExecutor.java:1130)
	at java.base/java.util.concurrent.ThreadPoolExecutor$Worker.run(ThreadPoolExecutor.java:630)
	at java.base/java.lang.Thread.run(Thread.java:832)
... Removed 9 stack frames</div></td></tr></table><p class="totop"><a href="#summary">back to summary</a></p>
<h3 id="m3">com.assigment.tests.SearchPageTest#verifySearchedProductsAreSortedByPriceTest_TC_006</h3><table class="result"><tr class="param"><th>Parameter #1</th></tr><tr class="param stripe"><td>{productElement=, attributeValue=, index=, replacingValue=price:asc, testname=verifySearchedProductsAreSortedByPriceTest_TC_006, execute=yes, propertyName=, searchPageField=, sortByOption=Lowest price first, browser=chrome, keyword=Dresses, productType=}</td></tr><tr><th>Exception</th></tr><tr><td><div class="stacktrace">java.util.UnknownFormatConversionException: Conversion = &apos;%&apos;
	at java.base/java.util.Formatter.checkText(Formatter.java:2732)
	at java.base/java.util.Formatter.parse(Formatter.java:2718)
	at java.base/java.util.Formatter.format(Formatter.java:2655)
	at java.base/java.util.Formatter.format(Formatter.java:2609)
	at java.base/java.lang.String.format(String.java:3302)
	at com.assigment.tests.SearchPageTest.lambda$2(SearchPageTest.java:213)
	at org.assertj.core.api.WritableAssertionInfo.overridingErrorMessage(WritableAssertionInfo.java:60)
	at org.assertj.core.internal.Failures.failureIfErrorMessageIsOverridden(Failures.java:148)
	at org.assertj.core.internal.Failures.failure(Failures.java:102)
	at org.assertj.core.internal.Objects.assertEqual(Objects.java:332)
	at org.assertj.core.api.AbstractAssert.isEqualTo(AbstractAssert.java:360)
	at org.assertj.core.api.AbstractIterableAssert.isEqualTo(AbstractIterableAssert.java:3431)
	at org.assertj.core.api.AbstractListAssert.isEqualTo(AbstractListAssert.java:276)
	at org.assertj.core.api.ListAssert.isEqualTo(ListAssert.java:83)
	at com.assigment.tests.SearchPageTest.verifySearchedProductsAreSortedByPriceTest_TC_006(SearchPageTest.java:215)
	at java.base/java.util.concurrent.FutureTask.run(FutureTask.java:264)
	at java.base/java.util.concurrent.Executors$RunnableAdapter.call(Executors.java:515)
	at java.base/java.util.concurrent.FutureTask.run(FutureTask.java:264)
	at java.base/java.util.concurrent.ThreadPoolExecutor.runWorker(ThreadPoolExecutor.java:1130)
	at java.base/java.util.concurrent.ThreadPoolExecutor$Worker.run(ThreadPoolExecutor.java:630)
	at java.base/java.lang.Thread.run(Thread.java:832)
... Removed 9 stack frames</div></td></tr></table><p class="totop"><a href="#summary">back to summary</a></p>
<h3 id="m4">com.assigment.tests.SearchPageTest#verifySearchedProductsAreSortedByPriceTest_TC_006</h3><table class="result"><tr class="param"><th>Parameter #1</th></tr><tr class="param stripe"><td>{productElement=, attributeValue=, index=, replacingValue=price:desc, testname=verifySearchedProductsAreSortedByPriceTest_TC_006, execute=yes, propertyName=, searchPageField=, sortByOption=Highest price first, browser=chrome, keyword=Dresses, productType=}</td></tr><tr><th>Exception</th></tr><tr><td><div class="stacktrace">java.util.UnknownFormatConversionException: Conversion = &apos;%&apos;
	at java.base/java.util.Formatter.checkText(Formatter.java:2732)
	at java.base/java.util.Formatter.parse(Formatter.java:2718)
	at java.base/java.util.Formatter.format(Formatter.java:2655)
	at java.base/java.util.Formatter.format(Formatter.java:2609)
	at java.base/java.lang.String.format(String.java:3302)
	at com.assigment.tests.SearchPageTest.lambda$2(SearchPageTest.java:213)
	at org.assertj.core.api.WritableAssertionInfo.overridingErrorMessage(WritableAssertionInfo.java:60)
	at org.assertj.core.internal.Failures.failureIfErrorMessageIsOverridden(Failures.java:148)
	at org.assertj.core.internal.Failures.failure(Failures.java:102)
	at org.assertj.core.internal.Objects.assertEqual(Objects.java:332)
	at org.assertj.core.api.AbstractAssert.isEqualTo(AbstractAssert.java:360)
	at org.assertj.core.api.AbstractIterableAssert.isEqualTo(AbstractIterableAssert.java:3431)
	at org.assertj.core.api.AbstractListAssert.isEqualTo(AbstractListAssert.java:276)
	at org.assertj.core.api.ListAssert.isEqualTo(ListAssert.java:83)
	at com.assigment.tests.SearchPageTest.verifySearchedProductsAreSortedByPriceTest_TC_006(SearchPageTest.java:215)
	at java.base/java.util.concurrent.FutureTask.run(FutureTask.java:264)
	at java.base/java.util.concurrent.Executors$RunnableAdapter.call(Executors.java:515)
	at java.base/java.util.concurrent.FutureTask.run(FutureTask.java:264)
	at java.base/java.util.concurrent.ThreadPoolExecutor.runWorker(ThreadPoolExecutor.java:1130)
	at java.base/java.util.concurrent.ThreadPoolExecutor$Worker.run(ThreadPoolExecutor.java:630)
	at java.base/java.lang.Thread.run(Thread.java:832)
... Removed 9 stack frames</div></td></tr></table><p class="totop"><a href="#summary">back to summary</a></p>
<h3 id="m5">com.assigment.tests.DressPageTest#verifySearchedProductsWithProductTypeTest_TC_002</h3><table class="result"><tr class="param"><th>Parameter #1</th></tr><tr class="param stripe"><td>{productElement=, attributeValue=, index=2, replacingValue=, testname=verifySearchedProductsWithProductTypeTest_TC_002, execute=yes, propertyName=, searchPageField=, sortByOption=, browser=chrome, keyword=T-shirts, productType=product sub-category type}</td></tr></table><p class="totop"><a href="#summary">back to summary</a></p>
<h3 id="m6">com.assigment.tests.HomePageTest#verifyProductElementsAreDisplayedTest_TC_003</h3><table class="result"><tr class="param"><th>Parameter #1</th></tr><tr class="param stripe"><td>{productElement=price, attributeValue=, index=, replacingValue=, testname=verifyProductElementsAreDisplayedTest_TC_003, execute=yes, propertyName=, searchPageField=, sortByOption=, browser=chrome, keyword=Printed Chiffon Dress, productType=}</td></tr></table><p class="totop"><a href="#summary">back to summary</a></p>
<h3 id="m7">com.assigment.tests.HomePageTest#verifyProductElementsAreDisplayedTest_TC_003</h3><table class="result"><tr class="param"><th>Parameter #1</th></tr><tr class="param stripe"><td>{productElement=image, attributeValue=, index=, replacingValue=, testname=verifyProductElementsAreDisplayedTest_TC_003, execute=yes, propertyName=, searchPageField=, sortByOption=, browser=chrome, keyword=Printed Chiffon Dress, productType=}</td></tr></table><p class="totop"><a href="#summary">back to summary</a></p>
<h3 id="m8">com.assigment.tests.HomePageTest#verifySearchedProductsWithProductNameTest_TC_001</h3><table class="result"><tr class="param"><th>Parameter #1</th></tr><tr class="param stripe"><td>{productElement=, attributeValue=, index=, replacingValue=, testname=verifySearchedProductsWithProductNameTest_TC_001, execute=yes, propertyName=, searchPageField=, sortByOption=, browser=chrome, keyword=Printed Summer Dress, productType=}</td></tr></table><p class="totop"><a href="#summary">back to summary</a></p>
<h3 id="m9">com.assigment.tests.HomePageTest#verifySearchedProductsWithProductNameTest_TC_001</h3><table class="result"><tr class="param"><th>Parameter #1</th></tr><tr class="param stripe"><td>{productElement=, attributeValue=, index=, replacingValue=, testname=verifySearchedProductsWithProductNameTest_TC_001, execute=yes, propertyName=, searchPageField=, sortByOption=, browser=chrome, keyword=Printed Chiffon Dress, productType=}</td></tr></table><p class="totop"><a href="#summary">back to summary</a></p>
<h3 id="m10">com.assigment.tests.SearchPageTest#verifyPopUpIsShownOnClickingProdContainerBtnTest_TC_004</h3><table class="result"><tr class="param"><th>Parameter #1</th></tr><tr class="param stripe"><td>{productElement=Add to cart, attributeValue=, index=, replacingValue=icon-ok, testname=verifyPopUpIsShownOnClickingProdContainerBtnTest_TC_004, execute=yes, propertyName=, searchPageField=, sortByOption=, browser=chrome, keyword=T-shirts, productType=}</td></tr></table><p class="totop"><a href="#summary">back to summary</a></p>
<h3 id="m11">com.assigment.tests.SearchPageTest#verifyPopUpIsShownOnClickingProdContainerBtnTest_TC_004</h3><table class="result"><tr class="param"><th>Parameter #1</th></tr><tr class="param stripe"><td>{productElement=Quick, attributeValue=, index=, replacingValue=fancybox-item fancybox-close, testname=verifyPopUpIsShownOnClickingProdContainerBtnTest_TC_004, execute=yes, propertyName=, searchPageField=, sortByOption=, browser=chrome, keyword=T-shirts, productType=}</td></tr></table><p class="totop"><a href="#summary">back to summary</a></p>
<h3 id="m12">com.assigment.tests.SearchPageTest#verifyPopUpIsShownOnClickingProdContainerBtnTest_TC_004</h3><table class="result"><tr class="param"><th>Parameter #1</th></tr><tr class="param stripe"><td>{productElement=Add to Wishlist, attributeValue=, index=, replacingValue=fancybox-inner, testname=verifyPopUpIsShownOnClickingProdContainerBtnTest_TC_004, execute=yes, propertyName=, searchPageField=, sortByOption=, browser=chrome, keyword=T-shirts, productType=}</td></tr></table><p class="totop"><a href="#summary">back to summary</a></p>
<h3 id="m13">com.assigment.tests.SearchPageTest#verifyProductDescriptionPageIsDisplayedTest_TC_005</h3><table class="result"><tr class="param"><th>Parameter #1</th></tr><tr class="param stripe"><td>{productElement=More, attributeValue=, index=, replacingValue=, testname=verifyProductDescriptionPageIsDisplayedTest_TC_005, execute=yes, propertyName=, searchPageField=, sortByOption=, browser=chrome, keyword=T-shirts, productType=}</td></tr></table><p class="totop"><a href="#summary">back to summary</a></p>
<h3 id="m14">com.assigment.tests.SearchPageTest#verifyProductDescriptionPageIsDisplayedTest_TC_005</h3><table class="result"><tr class="param"><th>Parameter #1</th></tr><tr class="param stripe"><td>{productElement=Colour, attributeValue=, index=, replacingValue=, testname=verifyProductDescriptionPageIsDisplayedTest_TC_005, execute=yes, propertyName=, searchPageField=, sortByOption=, browser=chrome, keyword=T-shirts, productType=}</td></tr></table><p class="totop"><a href="#summary">back to summary</a></p>
<h3 id="m15">com.assigment.tests.SearchPageTest#verifyProductDescriptionPageIsDisplayedTest_TC_005</h3><table class="result"><tr class="param"><th>Parameter #1</th></tr><tr class="param stripe"><td>{productElement=Image, attributeValue=, index=, replacingValue=, testname=verifyProductDescriptionPageIsDisplayedTest_TC_005, execute=yes, propertyName=, searchPageField=, sortByOption=, browser=chrome, keyword=T-shirts, productType=}</td></tr></table><p class="totop"><a href="#summary">back to summary</a></p>
<h3 id="m16">com.assigment.tests.SearchPageTest#verifyRequiredSearchPageViewIsSelectedTest_TC_007</h3><table class="result"><tr class="param"><th>Parameter #1</th></tr><tr class="param stripe"><td>{productElement=, attributeValue=selected, index=, replacingValue=list, testname=verifyRequiredSearchPageViewIsSelectedTest_TC_007, execute=yes, propertyName=class, searchPageField=, sortByOption=, browser=chrome, keyword=Dresses, productType=}</td></tr></table><p class="totop"><a href="#summary">back to summary</a></p>
<h3 id="m17">com.assigment.tests.SearchPageTest#verifyRequiredSearchPageViewIsSelectedTest_TC_007</h3><table class="result"><tr class="param"><th>Parameter #1</th></tr><tr class="param stripe"><td>{productElement=, attributeValue=selected, index=, replacingValue=grid, testname=verifyRequiredSearchPageViewIsSelectedTest_TC_007, execute=yes, propertyName=class, searchPageField=, sortByOption=, browser=chrome, keyword=Dresses, productType=}</td></tr></table><p class="totop"><a href="#summary">back to summary</a></p>
<h3 id="m18">com.assigment.tests.SearchPageTest#verifySearchPageFieldIsDisplayedTest_TC_008</h3><table class="result"><tr class="param"><th>Parameter #1</th></tr><tr class="param stripe"><td>{productElement=, attributeValue=, index=, replacingValue=uniform-selectProductSort, testname=verifySearchPageFieldIsDisplayedTest_TC_008, execute=yes, propertyName=, searchPageField=Sort by drop-down option, sortByOption=, browser=chrome, keyword=T-shirts, productType=}</td></tr></table><p class="totop"><a href="#summary">back to summary</a></p>
<h3 id="m19">com.assigment.tests.SearchPageTest#verifySearchPageFieldIsDisplayedTest_TC_008</h3><table class="result"><tr class="param"><th>Parameter #1</th></tr><tr class="param stripe"><td>{productElement=, attributeValue=, index=, replacingValue=left_column, testname=verifySearchPageFieldIsDisplayedTest_TC_008, execute=yes, propertyName=, searchPageField=Other information on the left hand side container, sortByOption=, browser=chrome, keyword=T-shirts, productType=}</td></tr></table><p class="totop"><a href="#summary">back to summary</a></p>
<h3 id="m20">com.assigment.tests.SearchPageTest#verifySearchedProductsAreSortedByNameTest_TC_006</h3><table class="result"><tr class="param"><th>Parameter #1</th></tr><tr class="param stripe"><td>{productElement=, attributeValue=, index=, replacingValue=name:asc, testname=verifySearchedProductsAreSortedByNameTest_TC_006, execute=yes, propertyName=, searchPageField=, sortByOption=Product name from A to Z, browser=chrome, keyword=Dresses, productType=}</td></tr></table><p class="totop"><a href="#summary">back to summary</a></p>
<h3 id="m21">com.assigment.tests.SearchPageTest#verifySearchedProductsAreSortedByNameTest_TC_006</h3><table class="result"><tr class="param"><th>Parameter #1</th></tr><tr class="param stripe"><td>{productElement=, attributeValue=, index=, replacingValue=name:desc, testname=verifySearchedProductsAreSortedByNameTest_TC_006, execute=yes, propertyName=, searchPageField=, sortByOption=Product name from Z to A, browser=chrome, keyword=Dresses, productType=}</td></tr></table><p class="totop"><a href="#summary">back to summary</a></p>
</body>
</html>
