<?xml version="1.0" encoding="UTF-8"?>
<!-- Generated by org.testng.reporters.JUnitReportReporter -->
<testsuite hostname="K10185" failures="0" tests="14" name="com.assigment.tests.SearchPageTest" time="287.751" errors="2" timestamp="22 Jun 2021 19:22:08 GMT" skipped="0">
  <testcase classname="com.assigment.tests.SearchPageTest" name="verifyPopUpIsShownOnClickingProdContainerBtnTest_TC_004" time="25.904"/>
  <testcase classname="com.assigment.tests.SearchPageTest" name="verifySearchPageFieldIsDisplayedTest_TC_008" time="14.783"/>
  <testcase classname="com.assigment.tests.SearchPageTest" name="verifyRequiredSearchPageViewIsSelectedTest_TC_007" time="29.871"/>
  <testcase classname="com.assigment.tests.SearchPageTest" name="verifySearchedProductsAreSortedByNameTest_TC_006" time="18.766"/>
  <testcase classname="com.assigment.tests.SearchPageTest" name="verifyPopUpIsShownOnClickingProdContainerBtnTest_TC_004" time="19.091"/>
  <testcase classname="com.assigment.tests.SearchPageTest" name="verifySearchPageFieldIsDisplayedTest_TC_008" time="15.407"/>
  <testcase classname="com.assigment.tests.SearchPageTest" name="verifyProductDescriptionPageIsDisplayedTest_TC_005" time="17.762"/>
  <testcase classname="com.assigment.tests.SearchPageTest" name="verifySearchedProductsAreSortedByNameTest_TC_006" time="16.887"/>
  <testcase classname="com.assigment.tests.SearchPageTest" name="verifyProductDescriptionPageIsDisplayedTest_TC_005" time="17.746"/>
  <testcase classname="com.assigment.tests.SearchPageTest" name="verifySearchedProductsAreSortedByPriceTest_TC_006" time="20.436">
    <error message="Conversion = &#039;%&#039;" type="java.util.UnknownFormatConversionException">
      <![CDATA[java.util.UnknownFormatConversionException: Conversion = '%'
at java.base/java.util.Formatter.checkText(Formatter.java:2732)
at java.base/java.util.Formatter.parse(Formatter.java:2718)
at java.base/java.util.Formatter.format(Formatter.java:2655)
at java.base/java.util.Formatter.format(Formatter.java:2609)
at java.base/java.lang.String.format(String.java:3302)
at com.assigment.tests.SearchPageTest.lambda$verifySearchedProductsAreSortedByPriceTest_TC_006$1(SearchPageTest.java:213)
at org.assertj.core.api.WritableAssertionInfo.overridingErrorMessage(WritableAssertionInfo.java:60)
at org.assertj.core.internal.Failures.failureIfErrorMessageIsOverridden(Failures.java:148)
at org.assertj.core.internal.Failures.failure(Failures.java:102)
at org.assertj.core.internal.Objects.assertEqual(Objects.java:332)
at org.assertj.core.api.AbstractAssert.isEqualTo(AbstractAssert.java:360)
at org.assertj.core.api.AbstractIterableAssert.isEqualTo(AbstractIterableAssert.java:3431)
at org.assertj.core.api.AbstractListAssert.isEqualTo(AbstractListAssert.java:276)
at org.assertj.core.api.ListAssert.isEqualTo(ListAssert.java:83)
at com.assigment.tests.SearchPageTest.verifySearchedProductsAreSortedByPriceTest_TC_006(SearchPageTest.java:215)
at java.base/jdk.internal.reflect.NativeMethodAccessorImpl.invoke0(Native Method)
at java.base/jdk.internal.reflect.NativeMethodAccessorImpl.invoke(NativeMethodAccessorImpl.java:62)
at java.base/jdk.internal.reflect.DelegatingMethodAccessorImpl.invoke(DelegatingMethodAccessorImpl.java:43)
at java.base/java.lang.reflect.Method.invoke(Method.java:564)
at org.testng.internal.MethodInvocationHelper.invokeMethod(MethodInvocationHelper.java:124)
at org.testng.internal.Invoker.invokeMethod(Invoker.java:583)
at org.testng.internal.Invoker.invokeTestMethod(Invoker.java:719)
at org.testng.internal.TestMethodWithDataProviderMethodWorker.call(TestMethodWithDataProviderMethodWorker.java:71)
at org.testng.internal.TestMethodWithDataProviderMethodWorker.call(TestMethodWithDataProviderMethodWorker.java:14)
at java.base/java.util.concurrent.FutureTask.run(FutureTask.java:264)
at java.base/java.util.concurrent.Executors$RunnableAdapter.call(Executors.java:515)
at java.base/java.util.concurrent.FutureTask.run(FutureTask.java:264)
at java.base/java.util.concurrent.ThreadPoolExecutor.runWorker(ThreadPoolExecutor.java:1130)
at java.base/java.util.concurrent.ThreadPoolExecutor$Worker.run(ThreadPoolExecutor.java:630)
at java.base/java.lang.Thread.run(Thread.java:832)
]]>
    </error>
  </testcase> <!-- verifySearchedProductsAreSortedByPriceTest_TC_006 -->
  <testcase classname="com.assigment.tests.SearchPageTest" name="verifyPopUpIsShownOnClickingProdContainerBtnTest_TC_004" time="21.717"/>
  <testcase classname="com.assigment.tests.SearchPageTest" name="verifyProductDescriptionPageIsDisplayedTest_TC_005" time="22.886"/>
  <testcase classname="com.assigment.tests.SearchPageTest" name="verifySearchedProductsAreSortedByPriceTest_TC_006" time="16.623">
    <error message="Conversion = &#039;%&#039;" type="java.util.UnknownFormatConversionException">
      <![CDATA[java.util.UnknownFormatConversionException: Conversion = '%'
at java.base/java.util.Formatter.checkText(Formatter.java:2732)
at java.base/java.util.Formatter.parse(Formatter.java:2718)
at java.base/java.util.Formatter.format(Formatter.java:2655)
at java.base/java.util.Formatter.format(Formatter.java:2609)
at java.base/java.lang.String.format(String.java:3302)
at com.assigment.tests.SearchPageTest.lambda$verifySearchedProductsAreSortedByPriceTest_TC_006$1(SearchPageTest.java:213)
at org.assertj.core.api.WritableAssertionInfo.overridingErrorMessage(WritableAssertionInfo.java:60)
at org.assertj.core.internal.Failures.failureIfErrorMessageIsOverridden(Failures.java:148)
at org.assertj.core.internal.Failures.failure(Failures.java:102)
at org.assertj.core.internal.Objects.assertEqual(Objects.java:332)
at org.assertj.core.api.AbstractAssert.isEqualTo(AbstractAssert.java:360)
at org.assertj.core.api.AbstractIterableAssert.isEqualTo(AbstractIterableAssert.java:3431)
at org.assertj.core.api.AbstractListAssert.isEqualTo(AbstractListAssert.java:276)
at org.assertj.core.api.ListAssert.isEqualTo(ListAssert.java:83)
at com.assigment.tests.SearchPageTest.verifySearchedProductsAreSortedByPriceTest_TC_006(SearchPageTest.java:215)
at java.base/jdk.internal.reflect.NativeMethodAccessorImpl.invoke0(Native Method)
at java.base/jdk.internal.reflect.NativeMethodAccessorImpl.invoke(NativeMethodAccessorImpl.java:62)
at java.base/jdk.internal.reflect.DelegatingMethodAccessorImpl.invoke(DelegatingMethodAccessorImpl.java:43)
at java.base/java.lang.reflect.Method.invoke(Method.java:564)
at org.testng.internal.MethodInvocationHelper.invokeMethod(MethodInvocationHelper.java:124)
at org.testng.internal.Invoker.invokeMethod(Invoker.java:583)
at org.testng.internal.Invoker.invokeTestMethod(Invoker.java:719)
at org.testng.internal.TestMethodWithDataProviderMethodWorker.call(TestMethodWithDataProviderMethodWorker.java:71)
at org.testng.internal.TestMethodWithDataProviderMethodWorker.call(TestMethodWithDataProviderMethodWorker.java:14)
at java.base/java.util.concurrent.FutureTask.run(FutureTask.java:264)
at java.base/java.util.concurrent.Executors$RunnableAdapter.call(Executors.java:515)
at java.base/java.util.concurrent.FutureTask.run(FutureTask.java:264)
at java.base/java.util.concurrent.ThreadPoolExecutor.runWorker(ThreadPoolExecutor.java:1130)
at java.base/java.util.concurrent.ThreadPoolExecutor$Worker.run(ThreadPoolExecutor.java:630)
at java.base/java.lang.Thread.run(Thread.java:832)
]]>
    </error>
  </testcase> <!-- verifySearchedProductsAreSortedByPriceTest_TC_006 -->
  <testcase classname="com.assigment.tests.SearchPageTest" name="verifyRequiredSearchPageViewIsSelectedTest_TC_007" time="29.872"/>
</testsuite> <!-- com.assigment.tests.SearchPageTest -->
