<?xml version="1.0" encoding="UTF-8"?>
<!-- Generated by org.testng.reporters.JUnitReportReporter -->
<testsuite hostname="K10185" failures="1" tests="5" name="com.assigment.tests.HomePageTest" time="80.409" errors="0" timestamp="22 Jun 2021 19:22:08 GMT" skipped="0">
  <testcase classname="com.assigment.tests.HomePageTest" name="verifySearchedProductsWithProductNameTest_TC_001" time="13.852"/>
  <testcase classname="com.assigment.tests.HomePageTest" name="verifyProductElementsAreDisplayedTest_TC_003" time="20.160"/>
  <testcase classname="com.assigment.tests.HomePageTest" name="verifyProductElementsAreDisplayedTest_TC_003" time="12.980"/>
  <testcase classname="com.assigment.tests.HomePageTest" name="verifyAutoSuggestionAndRelatedProductsTest_TC_009" time="13.525">
    <failure message="Some of the auto suggested products are not related to the given keyword" type="java.lang.AssertionError">
      <![CDATA[java.lang.AssertionError: Some of the auto suggested products are not related to the given keyword
at com.assigment.tests.HomePageTest.verifyAutoSuggestionAndRelatedProductsTest_TC_009(HomePageTest.java:124)
at java.base/jdk.internal.reflect.NativeMethodAccessorImpl.invoke0(Native Method)
at java.base/jdk.internal.reflect.NativeMethodAccessorImpl.invoke(NativeMethodAccessorImpl.java:62)
at java.base/jdk.internal.reflect.DelegatingMethodAccessorImpl.invoke(DelegatingMethodAccessorImpl.java:43)
at java.base/java.lang.reflect.Method.invoke(Method.java:564)
at org.testng.internal.MethodInvocationHelper.invokeMethod(MethodInvocationHelper.java:124)
at org.testng.internal.Invoker.invokeMethod(Invoker.java:583)
at org.testng.internal.Invoker.invokeTestMethod(Invoker.java:719)
at org.testng.internal.TestMethodWithDataProviderMethodWorker.call(TestMethodWithDataProviderMethodWorker.java:71)
at org.testng.internal.TestMethodWithDataProviderMethodWorker.call(TestMethodWithDataProviderMethodWorker.java:14)
at java.base/java.util.concurrent.FutureTask.run(FutureTask.java:264)
at java.base/java.util.concurrent.Executors$RunnableAdapter.call(Executors.java:515)
at java.base/java.util.concurrent.FutureTask.run(FutureTask.java:264)
at java.base/java.util.concurrent.ThreadPoolExecutor.runWorker(ThreadPoolExecutor.java:1130)
at java.base/java.util.concurrent.ThreadPoolExecutor$Worker.run(ThreadPoolExecutor.java:630)
at java.base/java.lang.Thread.run(Thread.java:832)
]]>
    </failure>
  </testcase> <!-- verifyAutoSuggestionAndRelatedProductsTest_TC_009 -->
  <testcase classname="com.assigment.tests.HomePageTest" name="verifySearchedProductsWithProductNameTest_TC_001" time="19.892"/>
</testsuite> <!-- com.assigment.tests.HomePageTest -->
